<?xml version="1.0" encoding="UTF-8"?>
<coverage generated="1654394658051" clover="3.2.0">
  <project timestamp="1654394658051" name="All files">
    <metrics statements="422" coveredstatements="57" conditionals="64" coveredconditionals="2" methods="101" coveredmethods="6" elements="587" coveredelements="65" complexity="0" loc="422" ncloc="422" packages="29" files="57" classes="57"/>
    <package name="src">
      <metrics statements="47" coveredstatements="30" conditionals="8" coveredconditionals="0" methods="3" coveredmethods="0"/>
      <file name="App.tsx" path="/home/avinL/Desktop/frontend/react-app/react-demo-app/src/App.tsx">
        <metrics statements="6" coveredstatements="0" conditionals="4" coveredconditionals="0" methods="1" coveredmethods="0"/>
        <line num="11" count="0" type="stmt"/>
        <line num="12" count="0" type="cond" truecount="0" falsecount="2"/>
        <line num="13" count="0" type="stmt"/>
        <line num="15" count="0" type="cond" truecount="0" falsecount="2"/>
        <line num="16" count="0" type="stmt"/>
        <line num="27" count="0" type="stmt"/>
      </file>
      <file name="Icons.tsx" path="/home/avinL/Desktop/frontend/react-app/react-demo-app/src/Icons.tsx">
        <metrics statements="30" coveredstatements="30" conditionals="0" coveredconditionals="0" methods="0" coveredmethods="0"/>
        <line num="4" count="4" type="stmt"/>
        <line num="9" count="4" type="stmt"/>
        <line num="17" count="4" type="stmt"/>
        <line num="22" count="4" type="stmt"/>
        <line num="27" count="4" type="stmt"/>
        <line num="32" count="4" type="stmt"/>
        <line num="37" count="4" type="stmt"/>
        <line num="42" count="4" type="stmt"/>
        <line num="47" count="4" type="stmt"/>
        <line num="52" count="4" type="stmt"/>
        <line num="60" count="4" type="stmt"/>
        <line num="65" count="4" type="stmt"/>
        <line num="70" count="4" type="stmt"/>
        <line num="78" count="4" type="stmt"/>
        <line num="85" count="4" type="stmt"/>
        <line num="93" count="4" type="stmt"/>
        <line num="100" count="4" type="stmt"/>
        <line num="108" count="4" type="stmt"/>
        <line num="115" count="4" type="stmt"/>
        <line num="123" count="4" type="stmt"/>
        <line num="130" count="4" type="stmt"/>
        <line num="138" count="4" type="stmt"/>
        <line num="145" count="4" type="stmt"/>
        <line num="153" count="4" type="stmt"/>
        <line num="161" count="4" type="stmt"/>
        <line num="169" count="4" type="stmt"/>
        <line num="176" count="4" type="stmt"/>
        <line num="184" count="4" type="stmt"/>
        <line num="191" count="4" type="stmt"/>
        <line num="199" count="4" type="stmt"/>
      </file>
      <file name="index.tsx" path="/home/avinL/Desktop/frontend/react-app/react-demo-app/src/index.tsx">
        <metrics statements="3" coveredstatements="0" conditionals="0" coveredconditionals="0" methods="0" coveredmethods="0"/>
        <line num="8" count="0" type="stmt"/>
        <line num="11" count="0" type="stmt"/>
        <line num="24" count="0" type="stmt"/>
      </file>
      <file name="reportWebVitals.ts" path="/home/avinL/Desktop/frontend/react-app/react-demo-app/src/reportWebVitals.ts">
        <metrics statements="8" coveredstatements="0" conditionals="4" coveredconditionals="0" methods="2" coveredmethods="0"/>
        <line num="3" count="0" type="stmt"/>
        <line num="4" count="0" type="cond" truecount="0" falsecount="4"/>
        <line num="5" count="0" type="stmt"/>
        <line num="6" count="0" type="stmt"/>
        <line num="7" count="0" type="stmt"/>
        <line num="8" count="0" type="stmt"/>
        <line num="9" count="0" type="stmt"/>
        <line num="10" count="0" type="stmt"/>
      </file>
    </package>
    <package name="src.Components.Atoms.Icons">
      <metrics statements="10" coveredstatements="2" conditionals="0" coveredconditionals="0" methods="2" coveredmethods="1"/>
      <file name="Icons.stories.tsx" path="/home/avinL/Desktop/frontend/react-app/react-demo-app/src/Components/Atoms/Icons/Icons.stories.tsx">
        <metrics statements="8" coveredstatements="0" conditionals="0" coveredconditionals="0" methods="1" coveredmethods="0"/>
        <line num="11" count="0" type="stmt"/>
        <line num="12" count="0" type="stmt"/>
        <line num="15" count="0" type="stmt"/>
        <line num="16" count="0" type="stmt"/>
        <line num="20" count="0" type="stmt"/>
        <line num="21" count="0" type="stmt"/>
        <line num="25" count="0" type="stmt"/>
        <line num="26" count="0" type="stmt"/>
      </file>
      <file name="Icons.tsx" path="/home/avinL/Desktop/frontend/react-app/react-demo-app/src/Components/Atoms/Icons/Icons.tsx">
        <metrics statements="2" coveredstatements="2" conditionals="0" coveredconditionals="0" methods="1" coveredmethods="1"/>
        <line num="12" count="2" type="stmt"/>
        <line num="13" count="5" type="stmt"/>
      </file>
    </package>
    <package name="src.Components.Atoms.Logo">
      <metrics statements="5" coveredstatements="2" conditionals="0" coveredconditionals="0" methods="2" coveredmethods="1"/>
      <file name="Index.stories.tsx" path="/home/avinL/Desktop/frontend/react-app/react-demo-app/src/Components/Atoms/Logo/Index.stories.tsx">
        <metrics statements="3" coveredstatements="0" conditionals="0" coveredconditionals="0" methods="1" coveredmethods="0"/>
        <line num="11" count="0" type="stmt"/>
        <line num="12" count="0" type="stmt"/>
        <line num="16" count="0" type="stmt"/>
      </file>
      <file name="Index.tsx" path="/home/avinL/Desktop/frontend/react-app/react-demo-app/src/Components/Atoms/Logo/Index.tsx">
        <metrics statements="2" coveredstatements="2" conditionals="0" coveredconditionals="0" methods="1" coveredmethods="1"/>
        <line num="11" count="1" type="stmt"/>
        <line num="12" count="1" type="stmt"/>
      </file>
    </package>
    <package name="src.Components.Data">
      <metrics statements="3" coveredstatements="0" conditionals="0" coveredconditionals="0" methods="0" coveredmethods="0"/>
      <file name="BooksData.tsx" path="/home/avinL/Desktop/frontend/react-app/react-demo-app/src/Components/Data/BooksData.tsx">
        <metrics statements="1" coveredstatements="0" conditionals="0" coveredconditionals="0" methods="0" coveredmethods="0"/>
        <line num="14" count="0" type="stmt"/>
      </file>
      <file name="NavData.tsx" path="/home/avinL/Desktop/frontend/react-app/react-demo-app/src/Components/Data/NavData.tsx">
        <metrics statements="1" coveredstatements="0" conditionals="0" coveredconditionals="0" methods="0" coveredmethods="0"/>
        <line num="20" count="0" type="stmt"/>
      </file>
      <file name="Url.tsx" path="/home/avinL/Desktop/frontend/react-app/react-demo-app/src/Components/Data/Url.tsx">
        <metrics statements="1" coveredstatements="0" conditionals="0" coveredconditionals="0" methods="0" coveredmethods="0"/>
        <line num="1" count="0" type="stmt"/>
      </file>
    </package>
    <package name="src.Components.Molecules.Banner">
      <metrics statements="13" coveredstatements="10" conditionals="0" coveredconditionals="0" methods="2" coveredmethods="1"/>
      <file name="index.stories.tsx" path="/home/avinL/Desktop/frontend/react-app/react-demo-app/src/Components/Molecules/Banner/index.stories.tsx">
        <metrics statements="3" coveredstatements="0" conditionals="0" coveredconditionals="0" methods="1" coveredmethods="0"/>
        <line num="10" count="0" type="stmt"/>
        <line num="11" count="0" type="stmt"/>
        <line num="14" count="0" type="stmt"/>
      </file>
      <file name="index.tsx" path="/home/avinL/Desktop/frontend/react-app/react-demo-app/src/Components/Molecules/Banner/index.tsx">
        <metrics statements="10" coveredstatements="10" conditionals="0" coveredconditionals="0" methods="1" coveredmethods="1"/>
        <line num="17" count="1" type="stmt"/>
        <line num="41" count="1" type="stmt"/>
        <line num="58" count="1" type="stmt"/>
        <line num="67" count="1" type="stmt"/>
        <line num="77" count="1" type="stmt"/>
        <line num="82" count="1" type="stmt"/>
        <line num="87" count="1" type="stmt"/>
        <line num="91" count="1" type="stmt"/>
        <line num="92" count="1" type="stmt"/>
        <line num="93" count="1" type="stmt"/>
      </file>
    </package>
    <package name="src.Components.Molecules.Button">
      <metrics statements="16" coveredstatements="4" conditionals="0" coveredconditionals="0" methods="2" coveredmethods="1"/>
      <file name="Button.stories.tsx" path="/home/avinL/Desktop/frontend/react-app/react-demo-app/src/Components/Molecules/Button/Button.stories.tsx">
        <metrics statements="12" coveredstatements="0" conditionals="0" coveredconditionals="0" methods="1" coveredmethods="0"/>
        <line num="6" count="0" type="stmt"/>
        <line num="14" count="0" type="stmt"/>
        <line num="15" count="0" type="stmt"/>
        <line num="17" count="0" type="stmt"/>
        <line num="23" count="0" type="stmt"/>
        <line num="25" count="0" type="stmt"/>
        <line num="30" count="0" type="stmt"/>
        <line num="32" count="0" type="stmt"/>
        <line num="37" count="0" type="stmt"/>
        <line num="39" count="0" type="stmt"/>
        <line num="45" count="0" type="stmt"/>
        <line num="47" count="0" type="stmt"/>
      </file>
      <file name="Button.tsx" path="/home/avinL/Desktop/frontend/react-app/react-demo-app/src/Components/Molecules/Button/Button.tsx">
        <metrics statements="4" coveredstatements="4" conditionals="0" coveredconditionals="0" methods="1" coveredmethods="1"/>
        <line num="11" count="1" type="stmt"/>
        <line num="59" count="1" type="stmt"/>
        <line num="61" count="2" type="stmt"/>
        <line num="62" count="2" type="stmt"/>
      </file>
    </package>
    <package name="src.Components.Molecules.DropDown">
      <metrics statements="10" coveredstatements="4" conditionals="2" coveredconditionals="2" methods="2" coveredmethods="1"/>
      <file name="Index.stories.tsx" path="/home/avinL/Desktop/frontend/react-app/react-demo-app/src/Components/Molecules/DropDown/Index.stories.tsx">
        <metrics statements="6" coveredstatements="0" conditionals="0" coveredconditionals="0" methods="1" coveredmethods="0"/>
        <line num="9" count="0" type="stmt"/>
        <line num="10" count="0" type="stmt"/>
        <line num="13" count="0" type="stmt"/>
        <line num="14" count="0" type="stmt"/>
        <line num="18" count="0" type="stmt"/>
        <line num="19" count="0" type="stmt"/>
      </file>
      <file name="Index.tsx" path="/home/avinL/Desktop/frontend/react-app/react-demo-app/src/Components/Molecules/DropDown/Index.tsx">
        <metrics statements="4" coveredstatements="4" conditionals="2" coveredconditionals="2" methods="1" coveredmethods="1"/>
        <line num="15" count="1" type="stmt"/>
        <line num="39" count="1" type="stmt"/>
        <line num="40" count="2" type="stmt"/>
        <line num="41" count="2" type="stmt"/>
      </file>
    </package>
    <package name="src.Components.Molecules.IconButtons">
      <metrics statements="10" coveredstatements="4" conditionals="0" coveredconditionals="0" methods="2" coveredmethods="1"/>
      <file name="Index.stories.tsx" path="/home/avinL/Desktop/frontend/react-app/react-demo-app/src/Components/Molecules/IconButtons/Index.stories.tsx">
        <metrics statements="6" coveredstatements="0" conditionals="0" coveredconditionals="0" methods="1" coveredmethods="0"/>
        <line num="12" count="0" type="stmt"/>
        <line num="13" count="0" type="stmt"/>
        <line num="16" count="0" type="stmt"/>
        <line num="18" count="0" type="stmt"/>
        <line num="25" count="0" type="stmt"/>
        <line num="27" count="0" type="stmt"/>
      </file>
      <file name="Index.tsx" path="/home/avinL/Desktop/frontend/react-app/react-demo-app/src/Components/Molecules/IconButtons/Index.tsx">
        <metrics statements="4" coveredstatements="4" conditionals="0" coveredconditionals="0" methods="1" coveredmethods="1"/>
        <line num="34" count="2" type="stmt"/>
        <line num="47" count="2" type="stmt"/>
        <line num="48" count="2" type="stmt"/>
        <line num="49" count="2" type="stmt"/>
      </file>
    </package>
    <package name="src.Components.Molecules.Lists">
      <metrics statements="8" coveredstatements="0" conditionals="0" coveredconditionals="0" methods="2" coveredmethods="0"/>
      <file name="Index.stories.tsx" path="/home/avinL/Desktop/frontend/react-app/react-demo-app/src/Components/Molecules/Lists/Index.stories.tsx">
        <metrics statements="3" coveredstatements="0" conditionals="0" coveredconditionals="0" methods="1" coveredmethods="0"/>
        <line num="10" count="0" type="stmt"/>
        <line num="12" count="0" type="stmt"/>
        <line num="14" count="0" type="stmt"/>
      </file>
      <file name="Index.tsx" path="/home/avinL/Desktop/frontend/react-app/react-demo-app/src/Components/Molecules/Lists/Index.tsx">
        <metrics statements="5" coveredstatements="0" conditionals="0" coveredconditionals="0" methods="1" coveredmethods="0"/>
        <line num="5" count="0" type="stmt"/>
        <line num="25" count="0" type="stmt"/>
        <line num="52" count="0" type="stmt"/>
        <line num="53" count="0" type="stmt"/>
        <line num="54" count="0" type="stmt"/>
      </file>
    </package>
    <package name="src.Components.Molecules.Reads">
      <metrics statements="10" coveredstatements="0" conditionals="0" coveredconditionals="0" methods="2" coveredmethods="0"/>
      <file name="Index.stories.tsx" path="/home/avinL/Desktop/frontend/react-app/react-demo-app/src/Components/Molecules/Reads/Index.stories.tsx">
        <metrics statements="6" coveredstatements="0" conditionals="0" coveredconditionals="0" methods="1" coveredmethods="0"/>
        <line num="11" count="0" type="stmt"/>
        <line num="12" count="0" type="stmt"/>
        <line num="15" count="0" type="stmt"/>
        <line num="16" count="0" type="stmt"/>
        <line num="24" count="0" type="stmt"/>
        <line num="26" count="0" type="stmt"/>
      </file>
      <file name="Index.tsx" path="/home/avinL/Desktop/frontend/react-app/react-demo-app/src/Components/Molecules/Reads/Index.tsx">
        <metrics statements="4" coveredstatements="0" conditionals="0" coveredconditionals="0" methods="1" coveredmethods="0"/>
        <line num="14" count="0" type="stmt"/>
        <line num="28" count="0" type="stmt"/>
        <line num="29" count="0" type="stmt"/>
        <line num="30" count="0" type="stmt"/>
      </file>
    </package>
    <package name="src.Components.Molecules.SearchBar">
      <metrics statements="26" coveredstatements="0" conditionals="4" coveredconditionals="0" methods="5" coveredmethods="0"/>
      <file name="Index.stories.tsx" path="/home/avinL/Desktop/frontend/react-app/react-demo-app/src/Components/Molecules/SearchBar/Index.stories.tsx">
        <metrics statements="2" coveredstatements="0" conditionals="0" coveredconditionals="0" methods="1" coveredmethods="0"/>
        <line num="10" count="0" type="stmt"/>
        <line num="12" count="0" type="stmt"/>
      </file>
      <file name="Index.tsx" path="/home/avinL/Desktop/frontend/react-app/react-demo-app/src/Components/Molecules/SearchBar/Index.tsx">
        <metrics statements="24" coveredstatements="0" conditionals="4" coveredconditionals="0" methods="4" coveredmethods="0"/>
        <line num="7" count="0" type="stmt"/>
        <line num="18" count="0" type="stmt"/>
        <line num="20" count="0" type="stmt"/>
        <line num="21" count="0" type="stmt"/>
        <line num="22" count="0" type="stmt"/>
        <line num="41" count="0" type="stmt"/>
        <line num="42" count="0" type="stmt"/>
        <line num="43" count="0" type="cond" truecount="0" falsecount="2"/>
        <line num="44" count="0" type="stmt"/>
        <line num="46" count="0" type="stmt"/>
        <line num="49" count="0" type="stmt"/>
        <line num="50" count="0" type="stmt"/>
        <line num="51" count="0" type="stmt"/>
        <line num="55" count="0" type="stmt"/>
        <line num="56" count="0" type="stmt"/>
        <line num="57" count="0" type="stmt"/>
        <line num="58" count="0" type="stmt"/>
        <line num="59" count="0" type="stmt"/>
        <line num="60" count="0" type="stmt"/>
        <line num="61" count="0" type="cond" truecount="0" falsecount="2"/>
        <line num="62" count="0" type="stmt"/>
        <line num="65" count="0" type="stmt"/>
        <line num="68" count="0" type="stmt"/>
        <line num="74" count="0" type="stmt"/>
      </file>
    </package>
    <package name="src.Components.Organisms.BookDetails">
      <metrics statements="21" coveredstatements="0" conditionals="0" coveredconditionals="0" methods="4" coveredmethods="0"/>
      <file name="Index.stories.tsx" path="/home/avinL/Desktop/frontend/react-app/react-demo-app/src/Components/Organisms/BookDetails/Index.stories.tsx">
        <metrics statements="5" coveredstatements="0" conditionals="0" coveredconditionals="0" methods="1" coveredmethods="0"/>
        <line num="11" count="0" type="stmt"/>
        <line num="12" count="0" type="stmt"/>
        <line num="15" count="0" type="stmt"/>
        <line num="17" count="0" type="stmt"/>
        <line num="32" count="0" type="stmt"/>
      </file>
      <file name="Index.tsx" path="/home/avinL/Desktop/frontend/react-app/react-demo-app/src/Components/Organisms/BookDetails/Index.tsx">
        <metrics statements="16" coveredstatements="0" conditionals="0" coveredconditionals="0" methods="3" coveredmethods="0"/>
        <line num="12" count="0" type="stmt"/>
        <line num="32" count="0" type="stmt"/>
        <line num="73" count="0" type="stmt"/>
        <line num="80" count="0" type="stmt"/>
        <line num="85" count="0" type="stmt"/>
        <line num="93" count="0" type="stmt"/>
        <line num="95" count="0" type="stmt"/>
        <line num="97" count="0" type="stmt"/>
        <line num="114" count="0" type="stmt"/>
        <line num="115" count="0" type="stmt"/>
        <line num="116" count="0" type="stmt"/>
        <line num="117" count="0" type="stmt"/>
        <line num="118" count="0" type="stmt"/>
        <line num="121" count="0" type="stmt"/>
        <line num="124" count="0" type="stmt"/>
        <line num="128" count="0" type="stmt"/>
      </file>
    </package>
    <package name="src.Components.Organisms.BookDetailsTab">
      <metrics statements="15" coveredstatements="0" conditionals="2" coveredconditionals="0" methods="5" coveredmethods="0"/>
      <file name="Index.stories.tsx" path="/home/avinL/Desktop/frontend/react-app/react-demo-app/src/Components/Organisms/BookDetailsTab/Index.stories.tsx">
        <metrics statements="4" coveredstatements="0" conditionals="0" coveredconditionals="0" methods="1" coveredmethods="0"/>
        <line num="10" count="0" type="stmt"/>
        <line num="11" count="0" type="stmt"/>
        <line num="14" count="0" type="stmt"/>
        <line num="15" count="0" type="stmt"/>
      </file>
      <file name="Index.tsx" path="/home/avinL/Desktop/frontend/react-app/react-demo-app/src/Components/Organisms/BookDetailsTab/Index.tsx">
        <metrics statements="11" coveredstatements="0" conditionals="2" coveredconditionals="0" methods="4" coveredmethods="0"/>
        <line num="22" count="0" type="stmt"/>
        <line num="48" count="0" type="stmt"/>
        <line num="63" count="0" type="stmt"/>
        <line num="65" count="0" type="stmt"/>
        <line num="83" count="0" type="stmt"/>
        <line num="89" count="0" type="stmt"/>
        <line num="90" count="0" type="stmt"/>
        <line num="91" count="0" type="stmt"/>
        <line num="93" count="0" type="stmt"/>
        <line num="94" count="0" type="stmt"/>
        <line num="97" count="0" type="stmt"/>
      </file>
    </package>
    <package name="src.Components.Organisms.ButtonGroup">
      <metrics statements="31" coveredstatements="0" conditionals="4" coveredconditionals="0" methods="9" coveredmethods="0"/>
      <file name="Index.stories.tsx" path="/home/avinL/Desktop/frontend/react-app/react-demo-app/src/Components/Organisms/ButtonGroup/Index.stories.tsx">
        <metrics statements="3" coveredstatements="0" conditionals="0" coveredconditionals="0" methods="1" coveredmethods="0"/>
        <line num="10" count="0" type="stmt"/>
        <line num="11" count="0" type="stmt"/>
        <line num="14" count="0" type="stmt"/>
      </file>
      <file name="Index.tsx" path="/home/avinL/Desktop/frontend/react-app/react-demo-app/src/Components/Organisms/ButtonGroup/Index.tsx">
        <metrics statements="28" coveredstatements="0" conditionals="4" coveredconditionals="0" methods="8" coveredmethods="0"/>
        <line num="10" count="0" type="stmt"/>
        <line num="60" count="0" type="stmt"/>
        <line num="61" count="0" type="stmt"/>
        <line num="78" count="0" type="stmt"/>
        <line num="80" count="0" type="stmt"/>
        <line num="81" count="0" type="cond" truecount="0" falsecount="2"/>
        <line num="82" count="0" type="stmt"/>
        <line num="85" count="0" type="stmt"/>
        <line num="88" count="0" type="stmt"/>
        <line num="90" count="0" type="stmt"/>
        <line num="91" count="0" type="stmt"/>
        <line num="94" count="0" type="stmt"/>
        <line num="95" count="0" type="cond" truecount="0" falsecount="2"/>
        <line num="96" count="0" type="stmt"/>
        <line num="97" count="0" type="stmt"/>
        <line num="99" count="0" type="stmt"/>
        <line num="100" count="0" type="stmt"/>
        <line num="103" count="0" type="stmt"/>
        <line num="104" count="0" type="stmt"/>
        <line num="105" count="0" type="stmt"/>
        <line num="106" count="0" type="stmt"/>
        <line num="107" count="0" type="stmt"/>
        <line num="109" count="0" type="stmt"/>
        <line num="110" count="0" type="stmt"/>
        <line num="114" count="0" type="stmt"/>
        <line num="115" count="0" type="stmt"/>
        <line num="120" count="0" type="stmt"/>
        <line num="127" count="0" type="stmt"/>
      </file>
    </package>
    <package name="src.Components.Organisms.CardGroup">
      <metrics statements="21" coveredstatements="0" conditionals="4" coveredconditionals="0" methods="8" coveredmethods="0"/>
      <file name="Index.stories.tsx" path="/home/avinL/Desktop/frontend/react-app/react-demo-app/src/Components/Organisms/CardGroup/Index.stories.tsx">
        <metrics statements="4" coveredstatements="0" conditionals="0" coveredconditionals="0" methods="1" coveredmethods="0"/>
        <line num="13" count="0" type="stmt"/>
        <line num="14" count="0" type="stmt"/>
        <line num="17" count="0" type="stmt"/>
        <line num="19" count="0" type="stmt"/>
      </file>
      <file name="Index.tsx" path="/home/avinL/Desktop/frontend/react-app/react-demo-app/src/Components/Organisms/CardGroup/Index.tsx">
        <metrics statements="17" coveredstatements="0" conditionals="4" coveredconditionals="0" methods="7" coveredmethods="0"/>
        <line num="30" count="0" type="stmt"/>
        <line num="42" count="0" type="stmt"/>
        <line num="44" count="0" type="stmt"/>
        <line num="46" count="0" type="stmt"/>
        <line num="48" count="0" type="stmt"/>
        <line num="50" count="0" type="cond" truecount="0" falsecount="2"/>
        <line num="51" count="0" type="stmt"/>
        <line num="52" count="0" type="stmt"/>
        <line num="55" count="0" type="cond" truecount="0" falsecount="2"/>
        <line num="56" count="0" type="stmt"/>
        <line num="57" count="0" type="stmt"/>
        <line num="60" count="0" type="stmt"/>
        <line num="61" count="0" type="stmt"/>
        <line num="65" count="0" type="stmt"/>
        <line num="69" count="0" type="stmt"/>
        <line num="72" count="0" type="stmt"/>
        <line num="82" count="0" type="stmt"/>
      </file>
    </package>
    <package name="src.Components.Organisms.Cards">
      <metrics statements="48" coveredstatements="0" conditionals="24" coveredconditionals="0" methods="11" coveredmethods="0"/>
      <file name="Index.stories.tsx" path="/home/avinL/Desktop/frontend/react-app/react-demo-app/src/Components/Organisms/Cards/Index.stories.tsx">
        <metrics statements="7" coveredstatements="0" conditionals="0" coveredconditionals="0" methods="1" coveredmethods="0"/>
        <line num="11" count="0" type="stmt"/>
        <line num="13" count="0" type="stmt"/>
        <line num="14" count="0" type="stmt"/>
        <line num="23" count="0" type="stmt"/>
        <line num="24" count="0" type="stmt"/>
        <line num="34" count="0" type="stmt"/>
        <line num="35" count="0" type="stmt"/>
      </file>
      <file name="Index.tsx" path="/home/avinL/Desktop/frontend/react-app/react-demo-app/src/Components/Organisms/Cards/Index.tsx">
        <metrics statements="41" coveredstatements="0" conditionals="24" coveredconditionals="0" methods="10" coveredmethods="0"/>
        <line num="28" count="0" type="stmt"/>
        <line num="104" count="0" type="stmt"/>
        <line num="105" count="0" type="stmt"/>
        <line num="122" count="0" type="stmt"/>
        <line num="123" count="0" type="stmt"/>
        <line num="124" count="0" type="stmt"/>
        <line num="127" count="0" type="stmt"/>
        <line num="128" count="0" type="cond" truecount="0" falsecount="4"/>
        <line num="129" count="0" type="stmt"/>
        <line num="130" count="0" type="stmt"/>
        <line num="131" count="0" type="stmt"/>
        <line num="136" count="0" type="stmt"/>
        <line num="139" count="0" type="stmt"/>
        <line num="140" count="0" type="cond" truecount="0" falsecount="2"/>
        <line num="141" count="0" type="stmt"/>
        <line num="143" count="0" type="stmt"/>
        <line num="145" count="0" type="cond" truecount="0" falsecount="2"/>
        <line num="146" count="0" type="stmt"/>
        <line num="148" count="0" type="stmt"/>
        <line num="150" count="0" type="cond" truecount="0" falsecount="2"/>
        <line num="151" count="0" type="stmt"/>
        <line num="154" count="0" type="stmt"/>
        <line num="155" count="0" type="stmt"/>
        <line num="156" count="0" type="cond" truecount="0" falsecount="2"/>
        <line num="157" count="0" type="stmt"/>
        <line num="158" count="0" type="stmt"/>
        <line num="161" count="0" type="stmt"/>
        <line num="162" count="0" type="stmt"/>
        <line num="163" count="0" type="stmt"/>
        <line num="164" count="0" type="cond" truecount="0" falsecount="2"/>
        <line num="165" count="0" type="stmt"/>
        <line num="167" count="0" type="stmt"/>
        <line num="169" count="0" type="cond" truecount="0" falsecount="2"/>
        <line num="170" count="0" type="stmt"/>
        <line num="171" count="0" type="stmt"/>
        <line num="174" count="0" type="stmt"/>
        <line num="177" count="0" type="stmt"/>
        <line num="182" count="0" type="stmt"/>
        <line num="206" count="0" type="stmt"/>
        <line num="217" count="0" type="stmt"/>
        <line num="230" count="0" type="stmt"/>
      </file>
    </package>
    <package name="src.Components.Organisms.ExpandedNav">
      <metrics statements="14" coveredstatements="0" conditionals="0" coveredconditionals="0" methods="6" coveredmethods="0"/>
      <file name="Index.stories.tsx" path="/home/avinL/Desktop/frontend/react-app/react-demo-app/src/Components/Organisms/ExpandedNav/Index.stories.tsx">
        <metrics statements="3" coveredstatements="0" conditionals="0" coveredconditionals="0" methods="1" coveredmethods="0"/>
        <line num="10" count="0" type="stmt"/>
        <line num="11" count="0" type="stmt"/>
        <line num="14" count="0" type="stmt"/>
      </file>
      <file name="Index.tsx" path="/home/avinL/Desktop/frontend/react-app/react-demo-app/src/Components/Organisms/ExpandedNav/Index.tsx">
        <metrics statements="11" coveredstatements="0" conditionals="0" coveredconditionals="0" methods="5" coveredmethods="0"/>
        <line num="7" count="0" type="stmt"/>
        <line num="69" count="0" type="stmt"/>
        <line num="90" count="0" type="stmt"/>
        <line num="92" count="0" type="stmt"/>
        <line num="94" count="0" type="stmt"/>
        <line num="96" count="0" type="stmt"/>
        <line num="97" count="0" type="stmt"/>
        <line num="101" count="0" type="stmt"/>
        <line num="119" count="0" type="stmt"/>
        <line num="136" count="0" type="stmt"/>
        <line num="150" count="0" type="stmt"/>
      </file>
    </package>
    <package name="src.Components.Organisms.Footer">
      <metrics statements="14" coveredstatements="0" conditionals="0" coveredconditionals="0" methods="2" coveredmethods="0"/>
      <file name="Index.stories.tsx" path="/home/avinL/Desktop/frontend/react-app/react-demo-app/src/Components/Organisms/Footer/Index.stories.tsx">
        <metrics statements="3" coveredstatements="0" conditionals="0" coveredconditionals="0" methods="1" coveredmethods="0"/>
        <line num="11" count="0" type="stmt"/>
        <line num="12" count="0" type="stmt"/>
        <line num="15" count="0" type="stmt"/>
      </file>
      <file name="Index.tsx" path="/home/avinL/Desktop/frontend/react-app/react-demo-app/src/Components/Organisms/Footer/Index.tsx">
        <metrics statements="11" coveredstatements="0" conditionals="0" coveredconditionals="0" methods="1" coveredmethods="0"/>
        <line num="8" count="0" type="stmt"/>
        <line num="29" count="0" type="stmt"/>
        <line num="45" count="0" type="stmt"/>
        <line num="60" count="0" type="stmt"/>
        <line num="70" count="0" type="stmt"/>
        <line num="75" count="0" type="stmt"/>
        <line num="81" count="0" type="stmt"/>
        <line num="87" count="0" type="stmt"/>
        <line num="95" count="0" type="stmt"/>
        <line num="97" count="0" type="stmt"/>
        <line num="98" count="0" type="stmt"/>
      </file>
    </package>
    <package name="src.Components.Organisms.Header">
      <metrics statements="18" coveredstatements="0" conditionals="6" coveredconditionals="0" methods="4" coveredmethods="0"/>
      <file name="Index.stories.tsx" path="/home/avinL/Desktop/frontend/react-app/react-demo-app/src/Components/Organisms/Header/Index.stories.tsx">
        <metrics statements="3" coveredstatements="0" conditionals="0" coveredconditionals="0" methods="1" coveredmethods="0"/>
        <line num="9" count="0" type="stmt"/>
        <line num="10" count="0" type="stmt"/>
        <line num="13" count="0" type="stmt"/>
      </file>
      <file name="Index.tsx" path="/home/avinL/Desktop/frontend/react-app/react-demo-app/src/Components/Organisms/Header/Index.tsx">
        <metrics statements="15" coveredstatements="0" conditionals="6" coveredconditionals="0" methods="3" coveredmethods="0"/>
        <line num="16" count="0" type="stmt"/>
        <line num="32" count="0" type="stmt"/>
        <line num="92" count="0" type="stmt"/>
        <line num="98" count="0" type="stmt"/>
        <line num="100" count="0" type="stmt"/>
        <line num="101" count="0" type="stmt"/>
        <line num="102" count="0" type="stmt"/>
        <line num="104" count="0" type="stmt"/>
        <line num="105" count="0" type="cond" truecount="0" falsecount="2"/>
        <line num="107" count="0" type="cond" truecount="0" falsecount="2"/>
        <line num="108" count="0" type="stmt"/>
        <line num="110" count="0" type="stmt"/>
        <line num="114" count="0" type="stmt"/>
        <line num="115" count="0" type="stmt"/>
        <line num="118" count="0" type="stmt"/>
      </file>
    </package>
    <package name="src.Components.Organisms.LogOutButton">
      <metrics statements="12" coveredstatements="0" conditionals="8" coveredconditionals="0" methods="4" coveredmethods="0"/>
      <file name="Index.tsx" path="/home/avinL/Desktop/frontend/react-app/react-demo-app/src/Components/Organisms/LogOutButton/Index.tsx">
        <metrics statements="12" coveredstatements="0" conditionals="8" coveredconditionals="0" methods="4" coveredmethods="0"/>
        <line num="6" count="0" type="stmt"/>
        <line num="7" count="0" type="stmt"/>
        <line num="8" count="0" type="stmt"/>
        <line num="9" count="0" type="stmt"/>
        <line num="10" count="0" type="cond" truecount="0" falsecount="2"/>
        <line num="11" count="0" type="stmt"/>
        <line num="13" count="0" type="stmt"/>
        <line num="16" count="0" type="stmt"/>
        <line num="17" count="0" type="stmt"/>
        <line num="20" count="0" type="stmt"/>
        <line num="22" count="0" type="stmt"/>
        <line num="86" count="0" type="stmt"/>
      </file>
    </package>
    <package name="src.Components.Organisms.Tabs">
      <metrics statements="25" coveredstatements="0" conditionals="2" coveredconditionals="0" methods="10" coveredmethods="0"/>
      <file name="Index.tsx" path="/home/avinL/Desktop/frontend/react-app/react-demo-app/src/Components/Organisms/Tabs/Index.tsx">
        <metrics statements="23" coveredstatements="0" conditionals="2" coveredconditionals="0" methods="9" coveredmethods="0"/>
        <line num="10" count="0" type="stmt"/>
        <line num="41" count="0" type="stmt"/>
        <line num="43" count="0" type="stmt"/>
        <line num="45" count="0" type="stmt"/>
        <line num="47" count="0" type="stmt"/>
        <line num="66" count="0" type="stmt"/>
        <line num="68" count="0" type="stmt"/>
        <line num="69" count="0" type="stmt"/>
        <line num="72" count="0" type="stmt"/>
        <line num="73" count="0" type="cond" truecount="0" falsecount="2"/>
        <line num="74" count="0" type="stmt"/>
        <line num="76" count="0" type="stmt"/>
        <line num="80" count="0" type="stmt"/>
        <line num="81" count="0" type="stmt"/>
        <line num="82" count="0" type="stmt"/>
        <line num="83" count="0" type="stmt"/>
        <line num="85" count="0" type="stmt"/>
        <line num="87" count="0" type="stmt"/>
        <line num="90" count="0" type="stmt"/>
        <line num="114" count="0" type="stmt"/>
        <line num="116" count="0" type="stmt"/>
        <line num="138" count="0" type="stmt"/>
        <line num="140" count="0" type="stmt"/>
      </file>
      <file name="index.stories.tsx" path="/home/avinL/Desktop/frontend/react-app/react-demo-app/src/Components/Organisms/Tabs/index.stories.tsx">
        <metrics statements="2" coveredstatements="0" conditionals="0" coveredconditionals="0" methods="1" coveredmethods="0"/>
        <line num="10" count="0" type="stmt"/>
        <line num="12" count="0" type="stmt"/>
      </file>
    </package>
    <package name="src.Components.Templates.BookDetailView">
      <metrics statements="8" coveredstatements="0" conditionals="0" coveredconditionals="0" methods="2" coveredmethods="0"/>
      <file name="Index.stories.tsx" path="/home/avinL/Desktop/frontend/react-app/react-demo-app/src/Components/Templates/BookDetailView/Index.stories.tsx">
        <metrics statements="4" coveredstatements="0" conditionals="0" coveredconditionals="0" methods="1" coveredmethods="0"/>
        <line num="12" count="0" type="stmt"/>
        <line num="13" count="0" type="stmt"/>
        <line num="16" count="0" type="stmt"/>
        <line num="17" count="0" type="stmt"/>
      </file>
      <file name="Index.tsx" path="/home/avinL/Desktop/frontend/react-app/react-demo-app/src/Components/Templates/BookDetailView/Index.tsx">
        <metrics statements="4" coveredstatements="0" conditionals="0" coveredconditionals="0" methods="1" coveredmethods="0"/>
        <line num="11" count="0" type="stmt"/>
        <line num="26" count="0" type="stmt"/>
        <line num="28" count="0" type="stmt"/>
        <line num="30" count="0" type="stmt"/>
      </file>
    </package>
    <package name="src.Components.Templates.Entrepreneurship">
      <metrics statements="9" coveredstatements="0" conditionals="0" coveredconditionals="0" methods="2" coveredmethods="0"/>
      <file name="Index.stories.tsx" path="/home/avinL/Desktop/frontend/react-app/react-demo-app/src/Components/Templates/Entrepreneurship/Index.stories.tsx">
        <metrics statements="4" coveredstatements="0" conditionals="0" coveredconditionals="0" methods="1" coveredmethods="0"/>
        <line num="14" count="0" type="stmt"/>
        <line num="15" count="0" type="stmt"/>
        <line num="18" count="0" type="stmt"/>
        <line num="19" count="0" type="stmt"/>
      </file>
      <file name="Index.tsx" path="/home/avinL/Desktop/frontend/react-app/react-demo-app/src/Components/Templates/Entrepreneurship/Index.tsx">
        <metrics statements="5" coveredstatements="0" conditionals="0" coveredconditionals="0" methods="1" coveredmethods="0"/>
        <line num="16" count="0" type="stmt"/>
        <line num="69" count="0" type="stmt"/>
        <line num="70" count="0" type="stmt"/>
        <line num="71" count="0" type="stmt"/>
        <line num="92" count="0" type="stmt"/>
      </file>
    </package>
    <package name="src.Components.Templates.MyLibrary">
      <metrics statements="8" coveredstatements="0" conditionals="0" coveredconditionals="0" methods="2" coveredmethods="0"/>
      <file name="Index.stories.tsx" path="/home/avinL/Desktop/frontend/react-app/react-demo-app/src/Components/Templates/MyLibrary/Index.stories.tsx">
        <metrics statements="4" coveredstatements="0" conditionals="0" coveredconditionals="0" methods="1" coveredmethods="0"/>
        <line num="12" count="0" type="stmt"/>
        <line num="13" count="0" type="stmt"/>
        <line num="16" count="0" type="stmt"/>
        <line num="17" count="0" type="stmt"/>
      </file>
      <file name="Index.tsx" path="/home/avinL/Desktop/frontend/react-app/react-demo-app/src/Components/Templates/MyLibrary/Index.tsx">
        <metrics statements="4" coveredstatements="0" conditionals="0" coveredconditionals="0" methods="1" coveredmethods="0"/>
        <line num="12" count="0" type="stmt"/>
        <line num="58" count="0" type="stmt"/>
        <line num="59" count="0" type="stmt"/>
        <line num="60" count="0" type="stmt"/>
      </file>
    </package>
    <package name="src.Components.Theme">
      <metrics statements="1" coveredstatements="1" conditionals="0" coveredconditionals="0" methods="0" coveredmethods="0"/>
      <file name="Theme.tsx" path="/home/avinL/Desktop/frontend/react-app/react-demo-app/src/Components/Theme/Theme.tsx">
        <metrics statements="1" coveredstatements="1" conditionals="0" coveredconditionals="0" methods="0" coveredmethods="0"/>
        <line num="3" count="1" type="stmt"/>
      </file>
    </package>
    <package name="src.Pages.BookDetailView">
      <metrics statements="2" coveredstatements="0" conditionals="0" coveredconditionals="0" methods="1" coveredmethods="0"/>
      <file name="Index.tsx" path="/home/avinL/Desktop/frontend/react-app/react-demo-app/src/Pages/BookDetailView/Index.tsx">
        <metrics statements="2" coveredstatements="0" conditionals="0" coveredconditionals="0" methods="1" coveredmethods="0"/>
        <line num="7" count="0" type="stmt"/>
        <line num="8" count="0" type="stmt"/>
      </file>
    </package>
    <package name="src.Pages.Entrepreneurship">
      <metrics statements="5" coveredstatements="0" conditionals="0" coveredconditionals="0" methods="2" coveredmethods="0"/>
      <file name="Index.stories.tsx" path="/home/avinL/Desktop/frontend/react-app/react-demo-app/src/Pages/Entrepreneurship/Index.stories.tsx">
        <metrics statements="3" coveredstatements="0" conditionals="0" coveredconditionals="0" methods="1" coveredmethods="0"/>
        <line num="9" count="0" type="stmt"/>
        <line num="10" count="0" type="stmt"/>
        <line num="13" count="0" type="stmt"/>
      </file>
      <file name="Index.tsx" path="/home/avinL/Desktop/frontend/react-app/react-demo-app/src/Pages/Entrepreneurship/Index.tsx">
        <metrics statements="2" coveredstatements="0" conditionals="0" coveredconditionals="0" methods="1" coveredmethods="0"/>
        <line num="9" count="0" type="stmt"/>
        <line num="10" count="0" type="stmt"/>
      </file>
    </package>
    <package name="src.Pages.Login">
      <metrics statements="7" coveredstatements="0" conditionals="0" coveredconditionals="0" methods="3" coveredmethods="0"/>
      <file name="Index.tsx" path="/home/avinL/Desktop/frontend/react-app/react-demo-app/src/Pages/Login/Index.tsx">
        <metrics statements="7" coveredstatements="0" conditionals="0" coveredconditionals="0" methods="3" coveredmethods="0"/>
        <line num="8" count="0" type="stmt"/>
        <line num="32" count="0" type="stmt"/>
        <line num="33" count="0" type="stmt"/>
        <line num="34" count="0" type="stmt"/>
        <line num="36" count="0" type="stmt"/>
        <line num="63" count="0" type="stmt"/>
        <line num="73" count="0" type="stmt"/>
      </file>
    </package>
    <package name="src.Pages.MyLibrary">
      <metrics statements="5" coveredstatements="0" conditionals="0" coveredconditionals="0" methods="2" coveredmethods="0"/>
      <file name="Index.stories.tsx" path="/home/avinL/Desktop/frontend/react-app/react-demo-app/src/Pages/MyLibrary/Index.stories.tsx">
        <metrics statements="3" coveredstatements="0" conditionals="0" coveredconditionals="0" methods="1" coveredmethods="0"/>
        <line num="10" count="0" type="stmt"/>
        <line num="11" count="0" type="stmt"/>
        <line num="14" count="0" type="stmt"/>
      </file>
      <file name="Index.tsx" path="/home/avinL/Desktop/frontend/react-app/react-demo-app/src/Pages/MyLibrary/Index.tsx">
        <metrics statements="2" coveredstatements="0" conditionals="0" coveredconditionals="0" methods="1" coveredmethods="0"/>
        <line num="6" count="0" type="stmt"/>
        <line num="7" count="0" type="stmt"/>
      </file>
    </package>
  </project>
</coverage>
