{"/home/avinL/Desktop/frontend/react-app/react-demo-app/src/App.tsx": {"path":"/home/avinL/Desktop/frontend/react-app/react-demo-app/src/App.tsx","statementMap":{"0":{"start":{"line":11,"column":39},"end":{"line":11,"column":49}},"1":{"start":{"line":12,"column":2},"end":{"line":14,"column":3}},"2":{"start":{"line":13,"column":4},"end":{"line":13,"column":32}},"3":{"start":{"line":15,"column":2},"end":{"line":28,"column":3}},"4":{"start":{"line":16,"column":4},"end":{"line":25,"column":6}},"5":{"start":{"line":27,"column":4},"end":{"line":27,"column":23}}},"fnMap":{"0":{"name":"App","decl":{"start":{"line":10,"column":9},"end":{"line":10,"column":12}},"loc":{"start":{"line":10,"column":15},"end":{"line":29,"column":1}},"line":10}},"branchMap":{"0":{"loc":{"start":{"line":12,"column":2},"end":{"line":14,"column":3}},"type":"if","locations":[{"start":{"line":12,"column":2},"end":{"line":14,"column":3}},{"start":{},"end":{}}],"line":12},"1":{"loc":{"start":{"line":15,"column":2},"end":{"line":28,"column":3}},"type":"if","locations":[{"start":{"line":15,"column":2},"end":{"line":28,"column":3}},{"start":{"line":26,"column":7},"end":{"line":28,"column":3}}],"line":15}},"s":{"0":0,"1":0,"2":0,"3":0,"4":0,"5":0},"f":{"0":0},"b":{"0":[0,0],"1":[0,0]}}
,"/home/avinL/Desktop/frontend/react-app/react-demo-app/src/Icons.tsx": {"path":"/home/avinL/Desktop/frontend/react-app/react-demo-app/src/Icons.tsx","statementMap":{"0":{"start":{"line":4,"column":24},"end":{"line":7,"column":1}},"1":{"start":{"line":9,"column":24},"end":{"line":15,"column":1}},"2":{"start":{"line":17,"column":23},"end":{"line":20,"column":1}},"3":{"start":{"line":22,"column":26},"end":{"line":25,"column":1}},"4":{"start":{"line":27,"column":29},"end":{"line":30,"column":1}},"5":{"start":{"line":32,"column":21},"end":{"line":35,"column":1}},"6":{"start":{"line":37,"column":21},"end":{"line":40,"column":1}},"7":{"start":{"line":42,"column":21},"end":{"line":45,"column":1}},"8":{"start":{"line":47,"column":21},"end":{"line":50,"column":1}},"9":{"start":{"line":52,"column":30},"end":{"line":58,"column":1}},"10":{"start":{"line":60,"column":27},"end":{"line":63,"column":1}},"11":{"start":{"line":65,"column":24},"end":{"line":68,"column":1}},"12":{"start":{"line":70,"column":32},"end":{"line":76,"column":1}},"13":{"start":{"line":78,"column":24},"end":{"line":84,"column":1}},"14":{"start":{"line":85,"column":23},"end":{"line":91,"column":1}},"15":{"start":{"line":93,"column":26},"end":{"line":99,"column":1}},"16":{"start":{"line":100,"column":28},"end":{"line":106,"column":1}},"17":{"start":{"line":108,"column":23},"end":{"line":114,"column":1}},"18":{"start":{"line":115,"column":27},"end":{"line":121,"column":1}},"19":{"start":{"line":123,"column":27},"end":{"line":129,"column":1}},"20":{"start":{"line":130,"column":23},"end":{"line":136,"column":1}},"21":{"start":{"line":138,"column":26},"end":{"line":144,"column":1}},"22":{"start":{"line":145,"column":22},"end":{"line":151,"column":1}},"23":{"start":{"line":153,"column":23},"end":{"line":159,"column":1}},"24":{"start":{"line":161,"column":25},"end":{"line":167,"column":1}},"25":{"start":{"line":169,"column":21},"end":{"line":175,"column":1}},"26":{"start":{"line":176,"column":29},"end":{"line":182,"column":1}},"27":{"start":{"line":184,"column":24},"end":{"line":190,"column":1}},"28":{"start":{"line":191,"column":25},"end":{"line":197,"column":1}},"29":{"start":{"line":199,"column":28},"end":{"line":205,"column":1}}},"fnMap":{},"branchMap":{},"s":{"0":4,"1":4,"2":4,"3":4,"4":4,"5":4,"6":4,"7":4,"8":4,"9":4,"10":4,"11":4,"12":4,"13":4,"14":4,"15":4,"16":4,"17":4,"18":4,"19":4,"20":4,"21":4,"22":4,"23":4,"24":4,"25":4,"26":4,"27":4,"28":4,"29":4},"f":{},"b":{},"_coverageSchema":"1a1c01bbd47fc00a2c39e90264f33305004495a9","hash":"adb0ac11f22d6c80c2f5aac078f5d36aedfac52f"}
,"/home/avinL/Desktop/frontend/react-app/react-demo-app/src/index.tsx": {"path":"/home/avinL/Desktop/frontend/react-app/react-demo-app/src/index.tsx","statementMap":{"0":{"start":{"line":8,"column":13},"end":{"line":10,"column":1}},"1":{"start":{"line":11,"column":0},"end":{"line":19,"column":2}},"2":{"start":{"line":24,"column":0},"end":{"line":24,"column":18}}},"fnMap":{},"branchMap":{},"s":{"0":0,"1":0,"2":0},"f":{},"b":{}}
,"/home/avinL/Desktop/frontend/react-app/react-demo-app/src/reportWebVitals.ts": {"path":"/home/avinL/Desktop/frontend/react-app/react-demo-app/src/reportWebVitals.ts","statementMap":{"0":{"start":{"line":3,"column":24},"end":{"line":13,"column":1}},"1":{"start":{"line":4,"column":2},"end":{"line":12,"column":3}},"2":{"start":{"line":5,"column":4},"end":{"line":11,"column":7}},"3":{"start":{"line":6,"column":6},"end":{"line":6,"column":26}},"4":{"start":{"line":7,"column":6},"end":{"line":7,"column":26}},"5":{"start":{"line":8,"column":6},"end":{"line":8,"column":26}},"6":{"start":{"line":9,"column":6},"end":{"line":9,"column":26}},"7":{"start":{"line":10,"column":6},"end":{"line":10,"column":27}}},"fnMap":{"0":{"name":"(anonymous_0)","decl":{"start":{"line":3,"column":24},"end":{"line":3,"column":25}},"loc":{"start":{"line":3,"column":57},"end":{"line":13,"column":1}},"line":3},"1":{"name":"(anonymous_1)","decl":{"start":{"line":5,"column":30},"end":{"line":5,"column":31}},"loc":{"start":{"line":5,"column":79},"end":{"line":11,"column":5}},"line":5}},"branchMap":{"0":{"loc":{"start":{"line":4,"column":2},"end":{"line":12,"column":3}},"type":"if","locations":[{"start":{"line":4,"column":2},"end":{"line":12,"column":3}},{"start":{},"end":{}}],"line":4},"1":{"loc":{"start":{"line":4,"column":6},"end":{"line":4,"column":52}},"type":"binary-expr","locations":[{"start":{"line":4,"column":6},"end":{"line":4,"column":17}},{"start":{"line":4,"column":21},"end":{"line":4,"column":52}}],"line":4}},"s":{"0":0,"1":0,"2":0,"3":0,"4":0,"5":0,"6":0,"7":0},"f":{"0":0,"1":0},"b":{"0":[0,0],"1":[0,0]}}
,"/home/avinL/Desktop/frontend/react-app/react-demo-app/src/Components/Atoms/Icons/Icons.stories.tsx": {"path":"/home/avinL/Desktop/frontend/react-app/react-demo-app/src/Components/Atoms/Icons/Icons.stories.tsx","statementMap":{"0":{"start":{"line":11,"column":48},"end":{"line":13,"column":1}},"1":{"start":{"line":12,"column":4},"end":{"line":12,"column":23}},"2":{"start":{"line":15,"column":31},"end":{"line":15,"column":48}},"3":{"start":{"line":16,"column":0},"end":{"line":18,"column":1}},"4":{"start":{"line":20,"column":34},"end":{"line":20,"column":51}},"5":{"start":{"line":21,"column":0},"end":{"line":23,"column":2}},"6":{"start":{"line":25,"column":33},"end":{"line":25,"column":50}},"7":{"start":{"line":26,"column":0},"end":{"line":28,"column":2}}},"fnMap":{"0":{"name":"(anonymous_0)","decl":{"start":{"line":11,"column":48},"end":{"line":11,"column":49}},"loc":{"start":{"line":12,"column":4},"end":{"line":12,"column":23}},"line":12}},"branchMap":{},"s":{"0":0,"1":0,"2":0,"3":0,"4":0,"5":0,"6":0,"7":0},"f":{"0":0},"b":{}}
,"/home/avinL/Desktop/frontend/react-app/react-demo-app/src/Components/Atoms/Icons/Icons.tsx": {"path":"/home/avinL/Desktop/frontend/react-app/react-demo-app/src/Components/Atoms/Icons/Icons.tsx","statementMap":{"0":{"start":{"line":12,"column":14},"end":{"line":18,"column":1}},"1":{"start":{"line":13,"column":2},"end":{"line":17,"column":3}}},"fnMap":{"0":{"name":"(anonymous_0)","decl":{"start":{"line":12,"column":14},"end":{"line":12,"column":15}},"loc":{"start":{"line":12,"column":32},"end":{"line":18,"column":1}},"line":12}},"branchMap":{},"s":{"0":2,"1":5},"f":{"0":5},"b":{},"_coverageSchema":"1a1c01bbd47fc00a2c39e90264f33305004495a9","hash":"23c42f466d1a047d82ec43434809cc8a4b755663"}
,"/home/avinL/Desktop/frontend/react-app/react-demo-app/src/Components/Atoms/Logo/Index.stories.tsx": {"path":"/home/avinL/Desktop/frontend/react-app/react-demo-app/src/Components/Atoms/Logo/Index.stories.tsx","statementMap":{"0":{"start":{"line":11,"column":47},"end":{"line":13,"column":1}},"1":{"start":{"line":12,"column":4},"end":{"line":12,"column":21}},"2":{"start":{"line":16,"column":25},"end":{"line":16,"column":42}}},"fnMap":{"0":{"name":"(anonymous_0)","decl":{"start":{"line":11,"column":47},"end":{"line":11,"column":48}},"loc":{"start":{"line":12,"column":4},"end":{"line":12,"column":21}},"line":12}},"branchMap":{},"s":{"0":0,"1":0,"2":0},"f":{"0":0},"b":{}}
,"/home/avinL/Desktop/frontend/react-app/react-demo-app/src/Components/Atoms/Logo/Index.tsx": {"path":"/home/avinL/Desktop/frontend/react-app/react-demo-app/src/Components/Atoms/Logo/Index.tsx","statementMap":{"0":{"start":{"line":11,"column":18},"end":{"line":15,"column":1}},"1":{"start":{"line":12,"column":2},"end":{"line":14,"column":3}}},"fnMap":{"0":{"name":"(anonymous_0)","decl":{"start":{"line":11,"column":18},"end":{"line":11,"column":19}},"loc":{"start":{"line":11,"column":36},"end":{"line":15,"column":1}},"line":11}},"branchMap":{},"s":{"0":1,"1":1},"f":{"0":1},"b":{},"_coverageSchema":"1a1c01bbd47fc00a2c39e90264f33305004495a9","hash":"4c778417c8f560c36d51aa0153ddd51eb7e97e84"}
,"/home/avinL/Desktop/frontend/react-app/react-demo-app/src/Components/Data/BooksData.tsx": {"path":"/home/avinL/Desktop/frontend/react-app/react-demo-app/src/Components/Data/BooksData.tsx","statementMap":{"0":{"start":{"line":14,"column":17},"end":{"line":187,"column":1}}},"fnMap":{},"branchMap":{},"s":{"0":0},"f":{},"b":{}}
,"/home/avinL/Desktop/frontend/react-app/react-demo-app/src/Components/Data/NavData.tsx": {"path":"/home/avinL/Desktop/frontend/react-app/react-demo-app/src/Components/Data/NavData.tsx","statementMap":{"0":{"start":{"line":20,"column":22},"end":{"line":95,"column":1}}},"fnMap":{},"branchMap":{},"s":{"0":0},"f":{},"b":{}}
,"/home/avinL/Desktop/frontend/react-app/react-demo-app/src/Components/Data/Url.tsx": {"path":"/home/avinL/Desktop/frontend/react-app/react-demo-app/src/Components/Data/Url.tsx","statementMap":{"0":{"start":{"line":1,"column":12},"end":{"line":1,"column":35}}},"fnMap":{},"branchMap":{},"s":{"0":0},"f":{},"b":{}}
,"/home/avinL/Desktop/frontend/react-app/react-demo-app/src/Components/Molecules/Banner/index.stories.tsx": {"path":"/home/avinL/Desktop/frontend/react-app/react-demo-app/src/Components/Molecules/Banner/index.stories.tsx","statementMap":{"0":{"start":{"line":10,"column":49},"end":{"line":12,"column":1}},"1":{"start":{"line":11,"column":4},"end":{"line":11,"column":24}},"2":{"start":{"line":14,"column":25},"end":{"line":14,"column":42}}},"fnMap":{"0":{"name":"(anonymous_0)","decl":{"start":{"line":10,"column":49},"end":{"line":10,"column":50}},"loc":{"start":{"line":11,"column":4},"end":{"line":11,"column":24}},"line":11}},"branchMap":{},"s":{"0":0,"1":0,"2":0},"f":{"0":0},"b":{}}
,"/home/avinL/Desktop/frontend/react-app/react-demo-app/src/Components/Molecules/Banner/index.tsx": {"path":"/home/avinL/Desktop/frontend/react-app/react-demo-app/src/Components/Molecules/Banner/index.tsx","statementMap":{"0":{"start":{"line":17,"column":14},"end":{"line":39,"column":2}},"1":{"start":{"line":41,"column":18},"end":{"line":56,"column":2}},"2":{"start":{"line":58,"column":22},"end":{"line":65,"column":2}},"3":{"start":{"line":67,"column":22},"end":{"line":75,"column":2}},"4":{"start":{"line":77,"column":16},"end":{"line":80,"column":2}},"5":{"start":{"line":82,"column":19},"end":{"line":85,"column":2}},"6":{"start":{"line":87,"column":23},"end":{"line":89,"column":2}},"7":{"start":{"line":91,"column":15},"end":{"line":118,"column":1}},"8":{"start":{"line":92,"column":20},"end":{"line":92,"column":31}},"9":{"start":{"line":93,"column":2},"end":{"line":117,"column":4}}},"fnMap":{"0":{"name":"(anonymous_0)","decl":{"start":{"line":91,"column":15},"end":{"line":91,"column":16}},"loc":{"start":{"line":91,"column":39},"end":{"line":118,"column":1}},"line":91}},"branchMap":{},"s":{"0":1,"1":1,"2":1,"3":1,"4":1,"5":1,"6":1,"7":1,"8":1,"9":1},"f":{"0":1},"b":{},"_coverageSchema":"1a1c01bbd47fc00a2c39e90264f33305004495a9","hash":"f7806fe7dd5fb3a3996fa25beaea9e51a2578c33"}
,"/home/avinL/Desktop/frontend/react-app/react-demo-app/src/Components/Molecules/Button/Button.stories.tsx": {"path":"/home/avinL/Desktop/frontend/react-app/react-demo-app/src/Components/Molecules/Button/Button.stories.tsx","statementMap":{"0":{"start":{"line":6,"column":44},"end":{"line":12,"column":1}},"1":{"start":{"line":14,"column":49},"end":{"line":14,"column":79}},"2":{"start":{"line":14,"column":59},"end":{"line":14,"column":79}},"3":{"start":{"line":15,"column":31},"end":{"line":15,"column":48}},"4":{"start":{"line":17,"column":0},"end":{"line":21,"column":1}},"5":{"start":{"line":23,"column":31},"end":{"line":23,"column":48}},"6":{"start":{"line":25,"column":0},"end":{"line":28,"column":1}},"7":{"start":{"line":30,"column":26},"end":{"line":30,"column":43}},"8":{"start":{"line":32,"column":0},"end":{"line":35,"column":1}},"9":{"start":{"line":37,"column":31},"end":{"line":37,"column":48}},"10":{"start":{"line":39,"column":0},"end":{"line":43,"column":1}},"11":{"start":{"line":45,"column":26},"end":{"line":45,"column":43}},"12":{"start":{"line":47,"column":0},"end":{"line":51,"column":1}}},"fnMap":{"0":{"name":"(anonymous_0)","decl":{"start":{"line":14,"column":49},"end":{"line":14,"column":50}},"loc":{"start":{"line":14,"column":59},"end":{"line":14,"column":79}},"line":14}},"branchMap":{},"s":{"0":0,"1":0,"2":0,"3":0,"4":0,"5":0,"6":0,"7":0,"8":0,"9":0,"10":0,"11":0,"12":0},"f":{"0":0},"b":{}}
,"/home/avinL/Desktop/frontend/react-app/react-demo-app/src/Components/Molecules/Button/Button.tsx": {"path":"/home/avinL/Desktop/frontend/react-app/react-demo-app/src/Components/Molecules/Button/Button.tsx","statementMap":{"0":{"start":{"line":11,"column":16},"end":{"line":44,"column":4}},"1":{"start":{"line":59,"column":18},"end":{"line":81,"column":3}},"2":{"start":{"line":61,"column":63},"end":{"line":61,"column":68}},"3":{"start":{"line":62,"column":4},"end":{"line":80,"column":6}}},"fnMap":{"0":{"name":"(anonymous_0)","decl":{"start":{"line":59,"column":18},"end":{"line":59,"column":19}},"loc":{"start":{"line":59,"column":36},"end":{"line":81,"column":3}},"line":59}},"branchMap":{},"s":{"0":1,"1":1,"2":2,"3":2},"f":{"0":2},"b":{},"_coverageSchema":"1a1c01bbd47fc00a2c39e90264f33305004495a9","hash":"05eef1b9e463acde826ceec1a905032287a175a7"}
,"/home/avinL/Desktop/frontend/react-app/react-demo-app/src/Components/Molecules/DropDown/Index.stories.tsx": {"path":"/home/avinL/Desktop/frontend/react-app/react-demo-app/src/Components/Molecules/DropDown/Index.stories.tsx","statementMap":{"0":{"start":{"line":9,"column":50},"end":{"line":11,"column":1}},"1":{"start":{"line":10,"column":4},"end":{"line":10,"column":25}},"2":{"start":{"line":13,"column":31},"end":{"line":13,"column":48}},"3":{"start":{"line":14,"column":0},"end":{"line":16,"column":2}},"4":{"start":{"line":18,"column":31},"end":{"line":18,"column":48}},"5":{"start":{"line":19,"column":0},"end":{"line":21,"column":1}}},"fnMap":{"0":{"name":"(anonymous_0)","decl":{"start":{"line":9,"column":50},"end":{"line":9,"column":51}},"loc":{"start":{"line":10,"column":4},"end":{"line":10,"column":25}},"line":10}},"branchMap":{},"s":{"0":0,"1":0,"2":0,"3":0,"4":0,"5":0},"f":{"0":0},"b":{}}
,"/home/avinL/Desktop/frontend/react-app/react-demo-app/src/Components/Molecules/DropDown/Index.tsx": {"path":"/home/avinL/Desktop/frontend/react-app/react-demo-app/src/Components/Molecules/DropDown/Index.tsx","statementMap":{"0":{"start":{"line":15,"column":18},"end":{"line":37,"column":2}},"1":{"start":{"line":39,"column":17},"end":{"line":72,"column":1}},"2":{"start":{"line":40,"column":18},"end":{"line":40,"column":29}},"3":{"start":{"line":41,"column":2},"end":{"line":71,"column":4}}},"fnMap":{"0":{"name":"(anonymous_0)","decl":{"start":{"line":39,"column":17},"end":{"line":39,"column":18}},"loc":{"start":{"line":39,"column":35},"end":{"line":72,"column":1}},"line":39}},"branchMap":{"0":{"loc":{"start":{"line":45,"column":11},"end":{"line":57,"column":11}},"type":"cond-expr","locations":[{"start":{"line":46,"column":12},"end":{"line":52,"column":20}},{"start":{"line":54,"column":12},"end":{"line":56,"column":25}}],"line":45}},"s":{"0":1,"1":1,"2":2,"3":2},"f":{"0":2},"b":{"0":[1,1]},"_coverageSchema":"1a1c01bbd47fc00a2c39e90264f33305004495a9","hash":"a17ffc7df9a4abb8996bb2bc8c82ee60bb1821e0"}
,"/home/avinL/Desktop/frontend/react-app/react-demo-app/src/Components/Molecules/IconButtons/Index.stories.tsx": {"path":"/home/avinL/Desktop/frontend/react-app/react-demo-app/src/Components/Molecules/IconButtons/Index.stories.tsx","statementMap":{"0":{"start":{"line":12,"column":53},"end":{"line":14,"column":1}},"1":{"start":{"line":13,"column":2},"end":{"line":13,"column":26}},"2":{"start":{"line":16,"column":28},"end":{"line":16,"column":45}},"3":{"start":{"line":18,"column":0},"end":{"line":22,"column":2}},"4":{"start":{"line":25,"column":32},"end":{"line":25,"column":49}},"5":{"start":{"line":27,"column":0},"end":{"line":39,"column":2}}},"fnMap":{"0":{"name":"(anonymous_0)","decl":{"start":{"line":12,"column":53},"end":{"line":12,"column":54}},"loc":{"start":{"line":13,"column":2},"end":{"line":13,"column":26}},"line":13}},"branchMap":{},"s":{"0":0,"1":0,"2":0,"3":0,"4":0,"5":0},"f":{"0":0},"b":{}}
,"/home/avinL/Desktop/frontend/react-app/react-demo-app/src/Components/Molecules/IconButtons/Index.tsx": {"path":"/home/avinL/Desktop/frontend/react-app/react-demo-app/src/Components/Molecules/IconButtons/Index.tsx","statementMap":{"0":{"start":{"line":34,"column":18},"end":{"line":45,"column":4}},"1":{"start":{"line":47,"column":21},"end":{"line":62,"column":3}},"2":{"start":{"line":48,"column":20},"end":{"line":48,"column":31}},"3":{"start":{"line":49,"column":4},"end":{"line":61,"column":6}}},"fnMap":{"0":{"name":"(anonymous_0)","decl":{"start":{"line":47,"column":21},"end":{"line":47,"column":22}},"loc":{"start":{"line":47,"column":39},"end":{"line":62,"column":3}},"line":47}},"branchMap":{},"s":{"0":2,"1":2,"2":2,"3":2},"f":{"0":2},"b":{},"_coverageSchema":"1a1c01bbd47fc00a2c39e90264f33305004495a9","hash":"e0c69aa8a53a2e5c32f9c78fb059360ca27640f3"}
,"/home/avinL/Desktop/frontend/react-app/react-demo-app/src/Components/Molecules/Lists/Index.stories.tsx": {"path":"/home/avinL/Desktop/frontend/react-app/react-demo-app/src/Components/Molecules/Lists/Index.stories.tsx","statementMap":{"0":{"start":{"line":10,"column":47},"end":{"line":10,"column":62}},"1":{"start":{"line":10,"column":53},"end":{"line":10,"column":62}},"2":{"start":{"line":12,"column":23},"end":{"line":12,"column":40}},"3":{"start":{"line":14,"column":0},"end":{"line":14,"column":18}}},"fnMap":{"0":{"name":"(anonymous_0)","decl":{"start":{"line":10,"column":47},"end":{"line":10,"column":48}},"loc":{"start":{"line":10,"column":53},"end":{"line":10,"column":62}},"line":10}},"branchMap":{},"s":{"0":0,"1":0,"2":0,"3":0},"f":{"0":0},"b":{}}
,"/home/avinL/Desktop/frontend/react-app/react-demo-app/src/Components/Molecules/Lists/Index.tsx": {"path":"/home/avinL/Desktop/frontend/react-app/react-demo-app/src/Components/Molecules/Lists/Index.tsx","statementMap":{"0":{"start":{"line":5,"column":14},"end":{"line":23,"column":2}},"1":{"start":{"line":25,"column":18},"end":{"line":50,"column":2}},"2":{"start":{"line":52,"column":14},"end":{"line":136,"column":1}},"3":{"start":{"line":53,"column":18},"end":{"line":53,"column":29}},"4":{"start":{"line":54,"column":2},"end":{"line":135,"column":4}}},"fnMap":{"0":{"name":"(anonymous_0)","decl":{"start":{"line":52,"column":14},"end":{"line":52,"column":15}},"loc":{"start":{"line":52,"column":20},"end":{"line":136,"column":1}},"line":52}},"branchMap":{},"s":{"0":0,"1":0,"2":0,"3":0,"4":0},"f":{"0":0},"b":{}}
,"/home/avinL/Desktop/frontend/react-app/react-demo-app/src/Components/Molecules/Reads/Index.stories.tsx": {"path":"/home/avinL/Desktop/frontend/react-app/react-demo-app/src/Components/Molecules/Reads/Index.stories.tsx","statementMap":{"0":{"start":{"line":11,"column":48},"end":{"line":13,"column":1}},"1":{"start":{"line":12,"column":4},"end":{"line":12,"column":23}},"2":{"start":{"line":15,"column":25},"end":{"line":15,"column":42}},"3":{"start":{"line":16,"column":0},"end":{"line":22,"column":2}},"4":{"start":{"line":24,"column":20},"end":{"line":24,"column":37}},"5":{"start":{"line":26,"column":0},"end":{"line":34,"column":2}}},"fnMap":{"0":{"name":"(anonymous_0)","decl":{"start":{"line":11,"column":48},"end":{"line":11,"column":49}},"loc":{"start":{"line":12,"column":4},"end":{"line":12,"column":23}},"line":12}},"branchMap":{},"s":{"0":0,"1":0,"2":0,"3":0,"4":0,"5":0},"f":{"0":0},"b":{}}
,"/home/avinL/Desktop/frontend/react-app/react-demo-app/src/Components/Molecules/Reads/Index.tsx": {"path":"/home/avinL/Desktop/frontend/react-app/react-demo-app/src/Components/Molecules/Reads/Index.tsx","statementMap":{"0":{"start":{"line":14,"column":18},"end":{"line":26,"column":2}},"1":{"start":{"line":28,"column":14},"end":{"line":39,"column":1}},"2":{"start":{"line":29,"column":18},"end":{"line":29,"column":29}},"3":{"start":{"line":30,"column":2},"end":{"line":38,"column":4}}},"fnMap":{"0":{"name":"(anonymous_0)","decl":{"start":{"line":28,"column":14},"end":{"line":28,"column":15}},"loc":{"start":{"line":28,"column":32},"end":{"line":39,"column":1}},"line":28}},"branchMap":{},"s":{"0":0,"1":0,"2":0,"3":0},"f":{"0":0},"b":{}}
,"/home/avinL/Desktop/frontend/react-app/react-demo-app/src/Components/Molecules/SearchBar/Index.stories.tsx": {"path":"/home/avinL/Desktop/frontend/react-app/react-demo-app/src/Components/Molecules/SearchBar/Index.stories.tsx","statementMap":{"0":{"start":{"line":10,"column":51},"end":{"line":10,"column":70}},"1":{"start":{"line":10,"column":57},"end":{"line":10,"column":70}},"2":{"start":{"line":12,"column":25},"end":{"line":12,"column":42}}},"fnMap":{"0":{"name":"(anonymous_0)","decl":{"start":{"line":10,"column":51},"end":{"line":10,"column":52}},"loc":{"start":{"line":10,"column":57},"end":{"line":10,"column":70}},"line":10}},"branchMap":{},"s":{"0":0,"1":0,"2":0},"f":{"0":0},"b":{}}
,"/home/avinL/Desktop/frontend/react-app/react-demo-app/src/Components/Molecules/SearchBar/Index.tsx": {"path":"/home/avinL/Desktop/frontend/react-app/react-demo-app/src/Components/Molecules/SearchBar/Index.tsx","statementMap":{"0":{"start":{"line":7,"column":18},"end":{"line":16,"column":2}},"1":{"start":{"line":18,"column":18},"end":{"line":111,"column":1}},"2":{"start":{"line":20,"column":18},"end":{"line":20,"column":29}},"3":{"start":{"line":21,"column":28},"end":{"line":21,"column":39}},"4":{"start":{"line":22,"column":36},"end":{"line":39,"column":4}},"5":{"start":{"line":41,"column":23},"end":{"line":52,"column":3}},"6":{"start":{"line":42,"column":16},"end":{"line":42,"column":30}},"7":{"start":{"line":43,"column":4},"end":{"line":47,"column":5}},"8":{"start":{"line":44,"column":6},"end":{"line":44,"column":26}},"9":{"start":{"line":46,"column":6},"end":{"line":46,"column":26}},"10":{"start":{"line":49,"column":18},"end":{"line":49,"column":39}},"11":{"start":{"line":50,"column":4},"end":{"line":50,"column":23}},"12":{"start":{"line":51,"column":4},"end":{"line":51,"column":23}},"13":{"start":{"line":55,"column":17},"end":{"line":66,"column":3}},"14":{"start":{"line":56,"column":4},"end":{"line":56,"column":20}},"15":{"start":{"line":57,"column":25},"end":{"line":57,"column":27}},"16":{"start":{"line":58,"column":4},"end":{"line":64,"column":5}},"17":{"start":{"line":58,"column":17},"end":{"line":58,"column":18}},"18":{"start":{"line":59,"column":6},"end":{"line":59,"column":30}},"19":{"start":{"line":60,"column":23},"end":{"line":60,"column":51}},"20":{"start":{"line":61,"column":6},"end":{"line":63,"column":7}},"21":{"start":{"line":62,"column":8},"end":{"line":62,"column":36}},"22":{"start":{"line":65,"column":4},"end":{"line":65,"column":24}},"23":{"start":{"line":68,"column":2},"end":{"line":110,"column":3}},"24":{"start":{"line":74,"column":25},"end":{"line":74,"column":40}}},"fnMap":{"0":{"name":"(anonymous_0)","decl":{"start":{"line":18,"column":18},"end":{"line":18,"column":19}},"loc":{"start":{"line":18,"column":24},"end":{"line":111,"column":1}},"line":18},"1":{"name":"(anonymous_1)","decl":{"start":{"line":41,"column":23},"end":{"line":41,"column":24}},"loc":{"start":{"line":41,"column":41},"end":{"line":52,"column":3}},"line":41},"2":{"name":"(anonymous_2)","decl":{"start":{"line":55,"column":17},"end":{"line":55,"column":18}},"loc":{"start":{"line":55,"column":46},"end":{"line":66,"column":3}},"line":55},"3":{"name":"(anonymous_3)","decl":{"start":{"line":74,"column":18},"end":{"line":74,"column":19}},"loc":{"start":{"line":74,"column":25},"end":{"line":74,"column":40}},"line":74}},"branchMap":{"0":{"loc":{"start":{"line":43,"column":4},"end":{"line":47,"column":5}},"type":"if","locations":[{"start":{"line":43,"column":4},"end":{"line":47,"column":5}},{"start":{"line":45,"column":11},"end":{"line":47,"column":5}}],"line":43},"1":{"loc":{"start":{"line":61,"column":6},"end":{"line":63,"column":7}},"type":"if","locations":[{"start":{"line":61,"column":6},"end":{"line":63,"column":7}},{"start":{},"end":{}}],"line":61}},"s":{"0":0,"1":0,"2":0,"3":0,"4":0,"5":0,"6":0,"7":0,"8":0,"9":0,"10":0,"11":0,"12":0,"13":0,"14":0,"15":0,"16":0,"17":0,"18":0,"19":0,"20":0,"21":0,"22":0,"23":0,"24":0},"f":{"0":0,"1":0,"2":0,"3":0},"b":{"0":[0,0],"1":[0,0]}}
,"/home/avinL/Desktop/frontend/react-app/react-demo-app/src/Components/Organisms/BookDetails/Index.stories.tsx": {"path":"/home/avinL/Desktop/frontend/react-app/react-demo-app/src/Components/Organisms/BookDetails/Index.stories.tsx","statementMap":{"0":{"start":{"line":11,"column":52},"end":{"line":13,"column":1}},"1":{"start":{"line":12,"column":4},"end":{"line":12,"column":17}},"2":{"start":{"line":15,"column":25},"end":{"line":15,"column":42}},"3":{"start":{"line":17,"column":17},"end":{"line":30,"column":1}},"4":{"start":{"line":32,"column":0},"end":{"line":34,"column":1}}},"fnMap":{"0":{"name":"(anonymous_0)","decl":{"start":{"line":11,"column":52},"end":{"line":11,"column":53}},"loc":{"start":{"line":12,"column":4},"end":{"line":12,"column":17}},"line":12}},"branchMap":{},"s":{"0":0,"1":0,"2":0,"3":0,"4":0},"f":{"0":0},"b":{}}
,"/home/avinL/Desktop/frontend/react-app/react-demo-app/src/Components/Organisms/BookDetails/Index.tsx": {"path":"/home/avinL/Desktop/frontend/react-app/react-demo-app/src/Components/Organisms/BookDetails/Index.tsx","statementMap":{"0":{"start":{"line":12,"column":12},"end":{"line":12,"column":35}},"1":{"start":{"line":32,"column":18},"end":{"line":71,"column":4}},"2":{"start":{"line":73,"column":24},"end":{"line":78,"column":4}},"3":{"start":{"line":80,"column":25},"end":{"line":83,"column":4}},"4":{"start":{"line":85,"column":18},"end":{"line":91,"column":2}},"5":{"start":{"line":93,"column":20},"end":{"line":178,"column":1}},"6":{"start":{"line":95,"column":20},"end":{"line":95,"column":31}},"7":{"start":{"line":97,"column":35},"end":{"line":112,"column":6}},"8":{"start":{"line":114,"column":4},"end":{"line":126,"column":12}},"9":{"start":{"line":115,"column":21},"end":{"line":123,"column":9}},"10":{"start":{"line":116,"column":22},"end":{"line":116,"column":61}},"11":{"start":{"line":117,"column":24},"end":{"line":117,"column":32}},"12":{"start":{"line":118,"column":10},"end":{"line":118,"column":29}},"13":{"start":{"line":121,"column":10},"end":{"line":121,"column":29}},"14":{"start":{"line":124,"column":10},"end":{"line":124,"column":17}},"15":{"start":{"line":128,"column":6},"end":{"line":177,"column":7}}},"fnMap":{"0":{"name":"(anonymous_0)","decl":{"start":{"line":93,"column":20},"end":{"line":93,"column":21}},"loc":{"start":{"line":93,"column":26},"end":{"line":178,"column":1}},"line":93},"1":{"name":"(anonymous_1)","decl":{"start":{"line":114,"column":14},"end":{"line":114,"column":15}},"loc":{"start":{"line":114,"column":20},"end":{"line":126,"column":7}},"line":114},"2":{"name":"(anonymous_2)","decl":{"start":{"line":115,"column":21},"end":{"line":115,"column":22}},"loc":{"start":{"line":115,"column":32},"end":{"line":123,"column":9}},"line":115}},"branchMap":{},"s":{"0":0,"1":0,"2":0,"3":0,"4":0,"5":0,"6":0,"7":0,"8":0,"9":0,"10":0,"11":0,"12":0,"13":0,"14":0,"15":0},"f":{"0":0,"1":0,"2":0},"b":{}}
,"/home/avinL/Desktop/frontend/react-app/react-demo-app/src/Components/Organisms/BookDetailsTab/Index.stories.tsx": {"path":"/home/avinL/Desktop/frontend/react-app/react-demo-app/src/Components/Organisms/BookDetailsTab/Index.stories.tsx","statementMap":{"0":{"start":{"line":10,"column":55},"end":{"line":12,"column":1}},"1":{"start":{"line":11,"column":2},"end":{"line":11,"column":29}},"2":{"start":{"line":14,"column":30},"end":{"line":14,"column":47}},"3":{"start":{"line":15,"column":0},"end":{"line":20,"column":2}}},"fnMap":{"0":{"name":"(anonymous_0)","decl":{"start":{"line":10,"column":55},"end":{"line":10,"column":56}},"loc":{"start":{"line":11,"column":2},"end":{"line":11,"column":29}},"line":11}},"branchMap":{},"s":{"0":0,"1":0,"2":0,"3":0},"f":{"0":0},"b":{}}
,"/home/avinL/Desktop/frontend/react-app/react-demo-app/src/Components/Organisms/BookDetailsTab/Index.tsx": {"path":"/home/avinL/Desktop/frontend/react-app/react-demo-app/src/Components/Organisms/BookDetailsTab/Index.tsx","statementMap":{"0":{"start":{"line":22,"column":14},"end":{"line":46,"column":2}},"1":{"start":{"line":48,"column":18},"end":{"line":60,"column":2}},"2":{"start":{"line":63,"column":49},"end":{"line":63,"column":54}},"3":{"start":{"line":65,"column":4},"end":{"line":79,"column":6}},"4":{"start":{"line":83,"column":4},"end":{"line":86,"column":6}},"5":{"start":{"line":89,"column":24},"end":{"line":141,"column":3}},"6":{"start":{"line":90,"column":20},"end":{"line":90,"column":31}},"7":{"start":{"line":91,"column":30},"end":{"line":91,"column":47}},"8":{"start":{"line":93,"column":25},"end":{"line":95,"column":5}},"9":{"start":{"line":94,"column":6},"end":{"line":94,"column":25}},"10":{"start":{"line":97,"column":4},"end":{"line":140,"column":6}}},"fnMap":{"0":{"name":"TabPanel","decl":{"start":{"line":62,"column":9},"end":{"line":62,"column":17}},"loc":{"start":{"line":62,"column":40},"end":{"line":80,"column":3}},"line":62},"1":{"name":"a11yProps","decl":{"start":{"line":82,"column":11},"end":{"line":82,"column":20}},"loc":{"start":{"line":82,"column":36},"end":{"line":87,"column":3}},"line":82},"2":{"name":"(anonymous_2)","decl":{"start":{"line":89,"column":24},"end":{"line":89,"column":25}},"loc":{"start":{"line":89,"column":42},"end":{"line":141,"column":3}},"line":89},"3":{"name":"(anonymous_3)","decl":{"start":{"line":93,"column":25},"end":{"line":93,"column":26}},"loc":{"start":{"line":93,"column":76},"end":{"line":95,"column":5}},"line":93}},"branchMap":{"0":{"loc":{"start":{"line":73,"column":9},"end":{"line":77,"column":9}},"type":"binary-expr","locations":[{"start":{"line":73,"column":9},"end":{"line":73,"column":24}},{"start":{"line":74,"column":10},"end":{"line":76,"column":16}}],"line":73}},"s":{"0":0,"1":0,"2":0,"3":0,"4":0,"5":0,"6":0,"7":0,"8":0,"9":0,"10":0},"f":{"0":0,"1":0,"2":0,"3":0},"b":{"0":[0,0]}}
,"/home/avinL/Desktop/frontend/react-app/react-demo-app/src/Components/Organisms/ButtonGroup/Index.stories.tsx": {"path":"/home/avinL/Desktop/frontend/react-app/react-demo-app/src/Components/Organisms/ButtonGroup/Index.stories.tsx","statementMap":{"0":{"start":{"line":10,"column":53},"end":{"line":12,"column":1}},"1":{"start":{"line":11,"column":4},"end":{"line":11,"column":28}},"2":{"start":{"line":14,"column":26},"end":{"line":14,"column":43}}},"fnMap":{"0":{"name":"(anonymous_0)","decl":{"start":{"line":10,"column":53},"end":{"line":10,"column":54}},"loc":{"start":{"line":11,"column":4},"end":{"line":11,"column":28}},"line":11}},"branchMap":{},"s":{"0":0,"1":0,"2":0},"f":{"0":0},"b":{}}
,"/home/avinL/Desktop/frontend/react-app/react-demo-app/src/Components/Organisms/ButtonGroup/Index.tsx": {"path":"/home/avinL/Desktop/frontend/react-app/react-demo-app/src/Components/Organisms/ButtonGroup/Index.tsx","statementMap":{"0":{"start":{"line":10,"column":18},"end":{"line":52,"column":4}},"1":{"start":{"line":60,"column":20},"end":{"line":144,"column":1}},"2":{"start":{"line":61,"column":34},"end":{"line":76,"column":4}},"3":{"start":{"line":78,"column":20},"end":{"line":78,"column":33}},"4":{"start":{"line":80,"column":25},"end":{"line":92,"column":3}},"5":{"start":{"line":81,"column":4},"end":{"line":86,"column":5}},"6":{"start":{"line":82,"column":6},"end":{"line":82,"column":34}},"7":{"start":{"line":85,"column":6},"end":{"line":85,"column":33}},"8":{"start":{"line":88,"column":4},"end":{"line":88,"column":61}},"9":{"start":{"line":90,"column":4},"end":{"line":90,"column":66}},"10":{"start":{"line":91,"column":5},"end":{"line":91,"column":18}},"11":{"start":{"line":94,"column":21},"end":{"line":101,"column":3}},"12":{"start":{"line":95,"column":4},"end":{"line":98,"column":5}},"13":{"start":{"line":96,"column":6},"end":{"line":96,"column":32}},"14":{"start":{"line":97,"column":6},"end":{"line":97,"column":34}},"15":{"start":{"line":99,"column":4},"end":{"line":99,"column":66}},"16":{"start":{"line":100,"column":5},"end":{"line":100,"column":19}},"17":{"start":{"line":103,"column":2},"end":{"line":112,"column":5}},"18":{"start":{"line":104,"column":19},"end":{"line":108,"column":5}},"19":{"start":{"line":105,"column":18},"end":{"line":105,"column":72}},"20":{"start":{"line":106,"column":20},"end":{"line":106,"column":28}},"21":{"start":{"line":107,"column":6},"end":{"line":107,"column":25}},"22":{"start":{"line":109,"column":4},"end":{"line":111,"column":6}},"23":{"start":{"line":110,"column":6},"end":{"line":110,"column":15}},"24":{"start":{"line":114,"column":18},"end":{"line":114,"column":29}},"25":{"start":{"line":115,"column":2},"end":{"line":143,"column":4}},"26":{"start":{"line":120,"column":25},"end":{"line":120,"column":46}},"27":{"start":{"line":127,"column":25},"end":{"line":127,"column":50}}},"fnMap":{"0":{"name":"(anonymous_0)","decl":{"start":{"line":60,"column":20},"end":{"line":60,"column":21}},"loc":{"start":{"line":60,"column":38},"end":{"line":144,"column":1}},"line":60},"1":{"name":"(anonymous_1)","decl":{"start":{"line":80,"column":25},"end":{"line":80,"column":26}},"loc":{"start":{"line":80,"column":46},"end":{"line":92,"column":3}},"line":80},"2":{"name":"(anonymous_2)","decl":{"start":{"line":94,"column":21},"end":{"line":94,"column":22}},"loc":{"start":{"line":94,"column":42},"end":{"line":101,"column":3}},"line":94},"3":{"name":"(anonymous_3)","decl":{"start":{"line":103,"column":12},"end":{"line":103,"column":13}},"loc":{"start":{"line":103,"column":18},"end":{"line":112,"column":3}},"line":103},"4":{"name":"(anonymous_4)","decl":{"start":{"line":104,"column":19},"end":{"line":104,"column":20}},"loc":{"start":{"line":104,"column":31},"end":{"line":108,"column":5}},"line":104},"5":{"name":"(anonymous_5)","decl":{"start":{"line":109,"column":11},"end":{"line":109,"column":12}},"loc":{"start":{"line":109,"column":17},"end":{"line":111,"column":5}},"line":109},"6":{"name":"(anonymous_6)","decl":{"start":{"line":120,"column":19},"end":{"line":120,"column":20}},"loc":{"start":{"line":120,"column":25},"end":{"line":120,"column":46}},"line":120},"7":{"name":"(anonymous_7)","decl":{"start":{"line":127,"column":19},"end":{"line":127,"column":20}},"loc":{"start":{"line":127,"column":25},"end":{"line":127,"column":50}},"line":127}},"branchMap":{"0":{"loc":{"start":{"line":81,"column":4},"end":{"line":86,"column":5}},"type":"if","locations":[{"start":{"line":81,"column":4},"end":{"line":86,"column":5}},{"start":{"line":84,"column":11},"end":{"line":86,"column":5}}],"line":81},"1":{"loc":{"start":{"line":95,"column":4},"end":{"line":98,"column":5}},"type":"if","locations":[{"start":{"line":95,"column":4},"end":{"line":98,"column":5}},{"start":{},"end":{}}],"line":95}},"s":{"0":0,"1":0,"2":0,"3":0,"4":0,"5":0,"6":0,"7":0,"8":0,"9":0,"10":0,"11":0,"12":0,"13":0,"14":0,"15":0,"16":0,"17":0,"18":0,"19":0,"20":0,"21":0,"22":0,"23":0,"24":0,"25":0,"26":0,"27":0},"f":{"0":0,"1":0,"2":0,"3":0,"4":0,"5":0,"6":0,"7":0},"b":{"0":[0,0],"1":[0,0]}}
,"/home/avinL/Desktop/frontend/react-app/react-demo-app/src/Components/Organisms/CardGroup/Index.stories.tsx": {"path":"/home/avinL/Desktop/frontend/react-app/react-demo-app/src/Components/Organisms/CardGroup/Index.stories.tsx","statementMap":{"0":{"start":{"line":13,"column":52},"end":{"line":15,"column":1}},"1":{"start":{"line":14,"column":4},"end":{"line":14,"column":37}},"2":{"start":{"line":17,"column":30},"end":{"line":17,"column":47}},"3":{"start":{"line":19,"column":0},"end":{"line":22,"column":1}}},"fnMap":{"0":{"name":"(anonymous_0)","decl":{"start":{"line":13,"column":52},"end":{"line":13,"column":53}},"loc":{"start":{"line":14,"column":4},"end":{"line":14,"column":37}},"line":14}},"branchMap":{},"s":{"0":0,"1":0,"2":0,"3":0},"f":{"0":0},"b":{}}
,"/home/avinL/Desktop/frontend/react-app/react-demo-app/src/Components/Organisms/CardGroup/Index.tsx": {"path":"/home/avinL/Desktop/frontend/react-app/react-demo-app/src/Components/Organisms/CardGroup/Index.tsx","statementMap":{"0":{"start":{"line":30,"column":18},"end":{"line":40,"column":1}},"1":{"start":{"line":42,"column":18},"end":{"line":88,"column":1}},"2":{"start":{"line":44,"column":20},"end":{"line":44,"column":31}},"3":{"start":{"line":46,"column":55},"end":{"line":46,"column":79}},"4":{"start":{"line":48,"column":4},"end":{"line":67,"column":39}},"5":{"start":{"line":50,"column":8},"end":{"line":63,"column":9}},"6":{"start":{"line":51,"column":10},"end":{"line":53,"column":12}},"7":{"start":{"line":52,"column":49},"end":{"line":52,"column":68}},"8":{"start":{"line":55,"column":13},"end":{"line":63,"column":9}},"9":{"start":{"line":56,"column":10},"end":{"line":58,"column":12}},"10":{"start":{"line":57,"column":49},"end":{"line":57,"column":68}},"11":{"start":{"line":60,"column":10},"end":{"line":62,"column":12}},"12":{"start":{"line":61,"column":49},"end":{"line":61,"column":69}},"13":{"start":{"line":65,"column":8},"end":{"line":65,"column":40}},"14":{"start":{"line":69,"column":4},"end":{"line":87,"column":5}},"15":{"start":{"line":72,"column":16},"end":{"line":84,"column":17}},"16":{"start":{"line":82,"column":37},"end":{"line":82,"column":70}}},"fnMap":{"0":{"name":"(anonymous_0)","decl":{"start":{"line":42,"column":18},"end":{"line":42,"column":19}},"loc":{"start":{"line":42,"column":46},"end":{"line":88,"column":1}},"line":42},"1":{"name":"(anonymous_1)","decl":{"start":{"line":48,"column":14},"end":{"line":48,"column":15}},"loc":{"start":{"line":48,"column":20},"end":{"line":67,"column":7}},"line":48},"2":{"name":"(anonymous_2)","decl":{"start":{"line":52,"column":38},"end":{"line":52,"column":39}},"loc":{"start":{"line":52,"column":49},"end":{"line":52,"column":68}},"line":52},"3":{"name":"(anonymous_3)","decl":{"start":{"line":57,"column":38},"end":{"line":57,"column":39}},"loc":{"start":{"line":57,"column":49},"end":{"line":57,"column":68}},"line":57},"4":{"name":"(anonymous_4)","decl":{"start":{"line":61,"column":38},"end":{"line":61,"column":39}},"loc":{"start":{"line":61,"column":49},"end":{"line":61,"column":69}},"line":61},"5":{"name":"(anonymous_5)","decl":{"start":{"line":71,"column":36},"end":{"line":71,"column":37}},"loc":{"start":{"line":71,"column":51},"end":{"line":85,"column":13}},"line":71},"6":{"name":"(anonymous_6)","decl":{"start":{"line":82,"column":31},"end":{"line":82,"column":32}},"loc":{"start":{"line":82,"column":37},"end":{"line":82,"column":70}},"line":82}},"branchMap":{"0":{"loc":{"start":{"line":50,"column":8},"end":{"line":63,"column":9}},"type":"if","locations":[{"start":{"line":50,"column":8},"end":{"line":63,"column":9}},{"start":{"line":55,"column":13},"end":{"line":63,"column":9}}],"line":50},"1":{"loc":{"start":{"line":55,"column":13},"end":{"line":63,"column":9}},"type":"if","locations":[{"start":{"line":55,"column":13},"end":{"line":63,"column":9}},{"start":{"line":59,"column":15},"end":{"line":63,"column":9}}],"line":55}},"s":{"0":0,"1":0,"2":0,"3":0,"4":0,"5":0,"6":0,"7":0,"8":0,"9":0,"10":0,"11":0,"12":0,"13":0,"14":0,"15":0,"16":0},"f":{"0":0,"1":0,"2":0,"3":0,"4":0,"5":0,"6":0},"b":{"0":[0,0],"1":[0,0]}}
,"/home/avinL/Desktop/frontend/react-app/react-demo-app/src/Components/Organisms/Cards/Index.stories.tsx": {"path":"/home/avinL/Desktop/frontend/react-app/react-demo-app/src/Components/Organisms/Cards/Index.stories.tsx","statementMap":{"0":{"start":{"line":11,"column":47},"end":{"line":11,"column":76}},"1":{"start":{"line":11,"column":57},"end":{"line":11,"column":76}},"2":{"start":{"line":13,"column":25},"end":{"line":13,"column":42}},"3":{"start":{"line":14,"column":0},"end":{"line":21,"column":2}},"4":{"start":{"line":23,"column":28},"end":{"line":23,"column":45}},"5":{"start":{"line":24,"column":0},"end":{"line":31,"column":2}},"6":{"start":{"line":34,"column":24},"end":{"line":34,"column":41}},"7":{"start":{"line":35,"column":0},"end":{"line":43,"column":2}}},"fnMap":{"0":{"name":"(anonymous_0)","decl":{"start":{"line":11,"column":47},"end":{"line":11,"column":48}},"loc":{"start":{"line":11,"column":57},"end":{"line":11,"column":76}},"line":11}},"branchMap":{},"s":{"0":0,"1":0,"2":0,"3":0,"4":0,"5":0,"6":0,"7":0},"f":{"0":0},"b":{}}
,"/home/avinL/Desktop/frontend/react-app/react-demo-app/src/Components/Organisms/Cards/Index.tsx": {"path":"/home/avinL/Desktop/frontend/react-app/react-demo-app/src/Components/Organisms/Cards/Index.tsx","statementMap":{"0":{"start":{"line":28,"column":18},"end":{"line":101,"column":4}},"1":{"start":{"line":104,"column":14},"end":{"line":251,"column":1}},"2":{"start":{"line":105,"column":34},"end":{"line":120,"column":4}},"3":{"start":{"line":122,"column":28},"end":{"line":122,"column":39}},"4":{"start":{"line":123,"column":19},"end":{"line":123,"column":32}},"5":{"start":{"line":124,"column":2},"end":{"line":137,"column":25}},"6":{"start":{"line":127,"column":23},"end":{"line":135,"column":5}},"7":{"start":{"line":128,"column":6},"end":{"line":133,"column":7}},"8":{"start":{"line":129,"column":20},"end":{"line":129,"column":61}},"9":{"start":{"line":130,"column":22},"end":{"line":130,"column":30}},"10":{"start":{"line":131,"column":8},"end":{"line":131,"column":27}},"11":{"start":{"line":136,"column":4},"end":{"line":136,"column":26}},"12":{"start":{"line":139,"column":25},"end":{"line":152,"column":3}},"13":{"start":{"line":140,"column":4},"end":{"line":144,"column":5}},"14":{"start":{"line":141,"column":6},"end":{"line":141,"column":34}},"15":{"start":{"line":143,"column":6},"end":{"line":143,"column":33}},"16":{"start":{"line":145,"column":4},"end":{"line":149,"column":5}},"17":{"start":{"line":146,"column":6},"end":{"line":146,"column":26}},"18":{"start":{"line":148,"column":6},"end":{"line":148,"column":26}},"19":{"start":{"line":150,"column":4},"end":{"line":150,"column":69}},"20":{"start":{"line":151,"column":4},"end":{"line":151,"column":56}},"21":{"start":{"line":154,"column":25},"end":{"line":159,"column":3}},"22":{"start":{"line":155,"column":16},"end":{"line":155,"column":57}},"23":{"start":{"line":156,"column":4},"end":{"line":156,"column":69}},"24":{"start":{"line":157,"column":4},"end":{"line":157,"column":69}},"25":{"start":{"line":158,"column":4},"end":{"line":158,"column":28}},"26":{"start":{"line":161,"column":23},"end":{"line":172,"column":3}},"27":{"start":{"line":162,"column":4},"end":{"line":162,"column":30}},"28":{"start":{"line":163,"column":4},"end":{"line":163,"column":31}},"29":{"start":{"line":164,"column":4},"end":{"line":168,"column":5}},"30":{"start":{"line":165,"column":6},"end":{"line":165,"column":26}},"31":{"start":{"line":167,"column":6},"end":{"line":167,"column":26}},"32":{"start":{"line":169,"column":4},"end":{"line":169,"column":69}},"33":{"start":{"line":170,"column":4},"end":{"line":170,"column":57}},"34":{"start":{"line":171,"column":4},"end":{"line":171,"column":18}},"35":{"start":{"line":174,"column":20},"end":{"line":174,"column":31}},"36":{"start":{"line":177,"column":4},"end":{"line":250,"column":5}},"37":{"start":{"line":182,"column":80},"end":{"line":182,"column":105}},"38":{"start":{"line":206,"column":57},"end":{"line":206,"column":82}},"39":{"start":{"line":217,"column":60},"end":{"line":217,"column":85}},"40":{"start":{"line":230,"column":47},"end":{"line":230,"column":70}}},"fnMap":{"0":{"name":"(anonymous_0)","decl":{"start":{"line":104,"column":14},"end":{"line":104,"column":15}},"loc":{"start":{"line":104,"column":36},"end":{"line":251,"column":1}},"line":104},"1":{"name":"(anonymous_1)","decl":{"start":{"line":124,"column":12},"end":{"line":124,"column":13}},"loc":{"start":{"line":124,"column":18},"end":{"line":137,"column":3}},"line":124},"2":{"name":"(anonymous_2)","decl":{"start":{"line":127,"column":23},"end":{"line":127,"column":24}},"loc":{"start":{"line":127,"column":44},"end":{"line":135,"column":5}},"line":127},"3":{"name":"(anonymous_3)","decl":{"start":{"line":139,"column":25},"end":{"line":139,"column":26}},"loc":{"start":{"line":139,"column":46},"end":{"line":152,"column":3}},"line":139},"4":{"name":"(anonymous_4)","decl":{"start":{"line":154,"column":25},"end":{"line":154,"column":26}},"loc":{"start":{"line":154,"column":46},"end":{"line":159,"column":3}},"line":154},"5":{"name":"(anonymous_5)","decl":{"start":{"line":161,"column":23},"end":{"line":161,"column":24}},"loc":{"start":{"line":161,"column":44},"end":{"line":172,"column":3}},"line":161},"6":{"name":"(anonymous_6)","decl":{"start":{"line":182,"column":74},"end":{"line":182,"column":75}},"loc":{"start":{"line":182,"column":80},"end":{"line":182,"column":105}},"line":182},"7":{"name":"(anonymous_7)","decl":{"start":{"line":206,"column":51},"end":{"line":206,"column":52}},"loc":{"start":{"line":206,"column":57},"end":{"line":206,"column":82}},"line":206},"8":{"name":"(anonymous_8)","decl":{"start":{"line":217,"column":54},"end":{"line":217,"column":55}},"loc":{"start":{"line":217,"column":60},"end":{"line":217,"column":85}},"line":217},"9":{"name":"(anonymous_9)","decl":{"start":{"line":230,"column":41},"end":{"line":230,"column":42}},"loc":{"start":{"line":230,"column":47},"end":{"line":230,"column":70}},"line":230}},"branchMap":{"0":{"loc":{"start":{"line":128,"column":6},"end":{"line":133,"column":7}},"type":"if","locations":[{"start":{"line":128,"column":6},"end":{"line":133,"column":7}},{"start":{},"end":{}}],"line":128},"1":{"loc":{"start":{"line":128,"column":10},"end":{"line":128,"column":22}},"type":"binary-expr","locations":[{"start":{"line":128,"column":10},"end":{"line":128,"column":11}},{"start":{"line":128,"column":15},"end":{"line":128,"column":22}}],"line":128},"2":{"loc":{"start":{"line":140,"column":4},"end":{"line":144,"column":5}},"type":"if","locations":[{"start":{"line":140,"column":4},"end":{"line":144,"column":5}},{"start":{"line":142,"column":11},"end":{"line":144,"column":5}}],"line":140},"3":{"loc":{"start":{"line":145,"column":4},"end":{"line":149,"column":5}},"type":"if","locations":[{"start":{"line":145,"column":4},"end":{"line":149,"column":5}},{"start":{"line":147,"column":11},"end":{"line":149,"column":5}}],"line":145},"4":{"loc":{"start":{"line":150,"column":4},"end":{"line":150,"column":69}},"type":"cond-expr","locations":[{"start":{"line":150,"column":35},"end":{"line":150,"column":50}},{"start":{"line":150,"column":54},"end":{"line":150,"column":69}}],"line":150},"5":{"loc":{"start":{"line":156,"column":4},"end":{"line":156,"column":69}},"type":"cond-expr","locations":[{"start":{"line":156,"column":35},"end":{"line":156,"column":50}},{"start":{"line":156,"column":54},"end":{"line":156,"column":69}}],"line":156},"6":{"loc":{"start":{"line":164,"column":4},"end":{"line":168,"column":5}},"type":"if","locations":[{"start":{"line":164,"column":4},"end":{"line":168,"column":5}},{"start":{"line":166,"column":11},"end":{"line":168,"column":5}}],"line":164},"7":{"loc":{"start":{"line":169,"column":4},"end":{"line":169,"column":69}},"type":"cond-expr","locations":[{"start":{"line":169,"column":35},"end":{"line":169,"column":50}},{"start":{"line":169,"column":54},"end":{"line":169,"column":69}}],"line":169},"8":{"loc":{"start":{"line":194,"column":37},"end":{"line":200,"column":37}},"type":"cond-expr","locations":[{"start":{"line":194,"column":65},"end":{"line":194,"column":69}},{"start":{"line":195,"column":40},"end":{"line":199,"column":43}}],"line":194},"9":{"loc":{"start":{"line":205,"column":26},"end":{"line":214,"column":32}},"type":"cond-expr","locations":[{"start":{"line":206,"column":28},"end":{"line":213,"column":42}},{"start":{"line":214,"column":28},"end":{"line":214,"column":32}}],"line":205},"10":{"loc":{"start":{"line":216,"column":21},"end":{"line":225,"column":40}},"type":"cond-expr","locations":[{"start":{"line":217,"column":32},"end":{"line":224,"column":50}},{"start":{"line":225,"column":36},"end":{"line":225,"column":40}}],"line":216},"11":{"loc":{"start":{"line":227,"column":21},"end":{"line":244,"column":36}},"type":"cond-expr","locations":[{"start":{"line":228,"column":32},"end":{"line":243,"column":46}},{"start":{"line":244,"column":32},"end":{"line":244,"column":36}}],"line":227}},"s":{"0":0,"1":0,"2":0,"3":0,"4":0,"5":0,"6":0,"7":0,"8":0,"9":0,"10":0,"11":0,"12":0,"13":0,"14":0,"15":0,"16":0,"17":0,"18":0,"19":0,"20":0,"21":0,"22":0,"23":0,"24":0,"25":0,"26":0,"27":0,"28":0,"29":0,"30":0,"31":0,"32":0,"33":0,"34":0,"35":0,"36":0,"37":0,"38":0,"39":0,"40":0},"f":{"0":0,"1":0,"2":0,"3":0,"4":0,"5":0,"6":0,"7":0,"8":0,"9":0},"b":{"0":[0,0],"1":[0,0],"2":[0,0],"3":[0,0],"4":[0,0],"5":[0,0],"6":[0,0],"7":[0,0],"8":[0,0],"9":[0,0],"10":[0,0],"11":[0,0]}}
,"/home/avinL/Desktop/frontend/react-app/react-demo-app/src/Components/Organisms/ExpandedNav/Index.stories.tsx": {"path":"/home/avinL/Desktop/frontend/react-app/react-demo-app/src/Components/Organisms/ExpandedNav/Index.stories.tsx","statementMap":{"0":{"start":{"line":10,"column":54},"end":{"line":12,"column":1}},"1":{"start":{"line":11,"column":4},"end":{"line":11,"column":18}},"2":{"start":{"line":14,"column":32},"end":{"line":14,"column":49}}},"fnMap":{"0":{"name":"(anonymous_0)","decl":{"start":{"line":10,"column":54},"end":{"line":10,"column":55}},"loc":{"start":{"line":11,"column":4},"end":{"line":11,"column":18}},"line":11}},"branchMap":{},"s":{"0":0,"1":0,"2":0},"f":{"0":0},"b":{}}
,"/home/avinL/Desktop/frontend/react-app/react-demo-app/src/Components/Organisms/ExpandedNav/Index.tsx": {"path":"/home/avinL/Desktop/frontend/react-app/react-demo-app/src/Components/Organisms/ExpandedNav/Index.tsx","statementMap":{"0":{"start":{"line":7,"column":18},"end":{"line":67,"column":2}},"1":{"start":{"line":69,"column":14},"end":{"line":88,"column":2}},"2":{"start":{"line":90,"column":20},"end":{"line":168,"column":1}},"3":{"start":{"line":92,"column":20},"end":{"line":92,"column":31}},"4":{"start":{"line":94,"column":21},"end":{"line":94,"column":34}},"5":{"start":{"line":96,"column":24},"end":{"line":98,"column":5}},"6":{"start":{"line":97,"column":6},"end":{"line":97,"column":31}},"7":{"start":{"line":101,"column":4},"end":{"line":166,"column":5}},"8":{"start":{"line":119,"column":24},"end":{"line":131,"column":26}},"9":{"start":{"line":136,"column":24},"end":{"line":145,"column":26}},"10":{"start":{"line":150,"column":28},"end":{"line":159,"column":30}}},"fnMap":{"0":{"name":"(anonymous_0)","decl":{"start":{"line":90,"column":20},"end":{"line":90,"column":21}},"loc":{"start":{"line":90,"column":26},"end":{"line":168,"column":1}},"line":90},"1":{"name":"(anonymous_1)","decl":{"start":{"line":96,"column":24},"end":{"line":96,"column":25}},"loc":{"start":{"line":96,"column":30},"end":{"line":98,"column":5}},"line":96},"2":{"name":"(anonymous_2)","decl":{"start":{"line":118,"column":45},"end":{"line":118,"column":46}},"loc":{"start":{"line":118,"column":60},"end":{"line":132,"column":21}},"line":118},"3":{"name":"(anonymous_3)","decl":{"start":{"line":135,"column":45},"end":{"line":135,"column":46}},"loc":{"start":{"line":135,"column":60},"end":{"line":146,"column":21}},"line":135},"4":{"name":"(anonymous_4)","decl":{"start":{"line":149,"column":45},"end":{"line":149,"column":46}},"loc":{"start":{"line":149,"column":60},"end":{"line":160,"column":25}},"line":149}},"branchMap":{},"s":{"0":0,"1":0,"2":0,"3":0,"4":0,"5":0,"6":0,"7":0,"8":0,"9":0,"10":0},"f":{"0":0,"1":0,"2":0,"3":0,"4":0},"b":{}}
,"/home/avinL/Desktop/frontend/react-app/react-demo-app/src/Components/Organisms/Footer/Index.stories.tsx": {"path":"/home/avinL/Desktop/frontend/react-app/react-demo-app/src/Components/Organisms/Footer/Index.stories.tsx","statementMap":{"0":{"start":{"line":11,"column":48},"end":{"line":13,"column":1}},"1":{"start":{"line":12,"column":4},"end":{"line":12,"column":15}},"2":{"start":{"line":15,"column":27},"end":{"line":15,"column":44}}},"fnMap":{"0":{"name":"(anonymous_0)","decl":{"start":{"line":11,"column":48},"end":{"line":11,"column":49}},"loc":{"start":{"line":12,"column":4},"end":{"line":12,"column":15}},"line":12}},"branchMap":{},"s":{"0":0,"1":0,"2":0},"f":{"0":0},"b":{}}
,"/home/avinL/Desktop/frontend/react-app/react-demo-app/src/Components/Organisms/Footer/Index.tsx": {"path":"/home/avinL/Desktop/frontend/react-app/react-demo-app/src/Components/Organisms/Footer/Index.tsx","statementMap":{"0":{"start":{"line":8,"column":14},"end":{"line":27,"column":2}},"1":{"start":{"line":29,"column":18},"end":{"line":43,"column":4}},"2":{"start":{"line":45,"column":20},"end":{"line":58,"column":4}},"3":{"start":{"line":60,"column":23},"end":{"line":68,"column":6}},"4":{"start":{"line":70,"column":26},"end":{"line":73,"column":6}},"5":{"start":{"line":75,"column":28},"end":{"line":79,"column":6}},"6":{"start":{"line":81,"column":27},"end":{"line":85,"column":6}},"7":{"start":{"line":87,"column":27},"end":{"line":93,"column":6}},"8":{"start":{"line":95,"column":15},"end":{"line":128,"column":1}},"9":{"start":{"line":97,"column":20},"end":{"line":97,"column":31}},"10":{"start":{"line":98,"column":4},"end":{"line":126,"column":5}}},"fnMap":{"0":{"name":"(anonymous_0)","decl":{"start":{"line":95,"column":15},"end":{"line":95,"column":16}},"loc":{"start":{"line":95,"column":21},"end":{"line":128,"column":1}},"line":95}},"branchMap":{},"s":{"0":0,"1":0,"2":0,"3":0,"4":0,"5":0,"6":0,"7":0,"8":0,"9":0,"10":0},"f":{"0":0},"b":{}}
,"/home/avinL/Desktop/frontend/react-app/react-demo-app/src/Components/Organisms/Header/Index.stories.tsx": {"path":"/home/avinL/Desktop/frontend/react-app/react-demo-app/src/Components/Organisms/Header/Index.stories.tsx","statementMap":{"0":{"start":{"line":9,"column":49},"end":{"line":11,"column":1}},"1":{"start":{"line":10,"column":4},"end":{"line":10,"column":13}},"2":{"start":{"line":13,"column":27},"end":{"line":13,"column":44}}},"fnMap":{"0":{"name":"(anonymous_0)","decl":{"start":{"line":9,"column":49},"end":{"line":9,"column":50}},"loc":{"start":{"line":10,"column":4},"end":{"line":10,"column":13}},"line":10}},"branchMap":{},"s":{"0":0,"1":0,"2":0},"f":{"0":0},"b":{}}
,"/home/avinL/Desktop/frontend/react-app/react-demo-app/src/Components/Organisms/Header/Index.tsx": {"path":"/home/avinL/Desktop/frontend/react-app/react-demo-app/src/Components/Organisms/Header/Index.tsx","statementMap":{"0":{"start":{"line":16,"column":16},"end":{"line":30,"column":4}},"1":{"start":{"line":32,"column":20},"end":{"line":90,"column":4}},"2":{"start":{"line":92,"column":24},"end":{"line":96,"column":4}},"3":{"start":{"line":98,"column":17},"end":{"line":143,"column":1}},"4":{"start":{"line":100,"column":20},"end":{"line":100,"column":31}},"5":{"start":{"line":101,"column":50},"end":{"line":101,"column":74}},"6":{"start":{"line":102,"column":38},"end":{"line":102,"column":77}},"7":{"start":{"line":104,"column":35},"end":{"line":112,"column":5}},"8":{"start":{"line":105,"column":6},"end":{"line":105,"column":76}},"9":{"start":{"line":107,"column":6},"end":{"line":111,"column":7}},"10":{"start":{"line":108,"column":8},"end":{"line":108,"column":52}},"11":{"start":{"line":110,"column":8},"end":{"line":110,"column":54}},"12":{"start":{"line":114,"column":24},"end":{"line":116,"column":5}},"13":{"start":{"line":115,"column":8},"end":{"line":115,"column":31}},"14":{"start":{"line":118,"column":4},"end":{"line":142,"column":7}}},"fnMap":{"0":{"name":"(anonymous_0)","decl":{"start":{"line":98,"column":17},"end":{"line":98,"column":18}},"loc":{"start":{"line":98,"column":23},"end":{"line":143,"column":1}},"line":98},"1":{"name":"(anonymous_1)","decl":{"start":{"line":104,"column":35},"end":{"line":104,"column":36}},"loc":{"start":{"line":104,"column":41},"end":{"line":112,"column":5}},"line":104},"2":{"name":"(anonymous_2)","decl":{"start":{"line":114,"column":24},"end":{"line":114,"column":25}},"loc":{"start":{"line":114,"column":30},"end":{"line":116,"column":5}},"line":114}},"branchMap":{"0":{"loc":{"start":{"line":105,"column":6},"end":{"line":105,"column":75}},"type":"cond-expr","locations":[{"start":{"line":105,"column":25},"end":{"line":105,"column":49}},{"start":{"line":105,"column":52},"end":{"line":105,"column":75}}],"line":105},"1":{"loc":{"start":{"line":107,"column":6},"end":{"line":111,"column":7}},"type":"if","locations":[{"start":{"line":107,"column":6},"end":{"line":111,"column":7}},{"start":{"line":109,"column":13},"end":{"line":111,"column":7}}],"line":107},"2":{"loc":{"start":{"line":140,"column":13},"end":{"line":140,"column":53}},"type":"cond-expr","locations":[{"start":{"line":140,"column":32},"end":{"line":140,"column":46}},{"start":{"line":140,"column":49},"end":{"line":140,"column":53}}],"line":140}},"s":{"0":0,"1":0,"2":0,"3":0,"4":0,"5":0,"6":0,"7":0,"8":0,"9":0,"10":0,"11":0,"12":0,"13":0,"14":0},"f":{"0":0,"1":0,"2":0},"b":{"0":[0,0],"1":[0,0],"2":[0,0]}}
,"/home/avinL/Desktop/frontend/react-app/react-demo-app/src/Components/Organisms/LogOutButton/Index.tsx": {"path":"/home/avinL/Desktop/frontend/react-app/react-demo-app/src/Components/Organisms/LogOutButton/Index.tsx","statementMap":{"0":{"start":{"line":6,"column":21},"end":{"line":93,"column":1}},"1":{"start":{"line":7,"column":33},"end":{"line":7,"column":73}},"2":{"start":{"line":8,"column":14},"end":{"line":8,"column":31}},"3":{"start":{"line":9,"column":21},"end":{"line":15,"column":2}},"4":{"start":{"line":10,"column":2},"end":{"line":14,"column":3}},"5":{"start":{"line":11,"column":3},"end":{"line":11,"column":36}},"6":{"start":{"line":13,"column":3},"end":{"line":13,"column":17}},"7":{"start":{"line":16,"column":21},"end":{"line":18,"column":2}},"8":{"start":{"line":17,"column":2},"end":{"line":17,"column":20}},"9":{"start":{"line":20,"column":20},"end":{"line":20,"column":30}},"10":{"start":{"line":22,"column":1},"end":{"line":92,"column":3}},"11":{"start":{"line":86,"column":20},"end":{"line":86,"column":64}}},"fnMap":{"0":{"name":"(anonymous_0)","decl":{"start":{"line":6,"column":21},"end":{"line":6,"column":22}},"loc":{"start":{"line":6,"column":27},"end":{"line":93,"column":1}},"line":6},"1":{"name":"(anonymous_1)","decl":{"start":{"line":9,"column":21},"end":{"line":9,"column":22}},"loc":{"start":{"line":9,"column":69},"end":{"line":15,"column":2}},"line":9},"2":{"name":"(anonymous_2)","decl":{"start":{"line":16,"column":21},"end":{"line":16,"column":22}},"loc":{"start":{"line":16,"column":27},"end":{"line":18,"column":2}},"line":16},"3":{"name":"(anonymous_3)","decl":{"start":{"line":86,"column":14},"end":{"line":86,"column":15}},"loc":{"start":{"line":86,"column":20},"end":{"line":86,"column":64}},"line":86}},"branchMap":{"0":{"loc":{"start":{"line":10,"column":2},"end":{"line":14,"column":3}},"type":"if","locations":[{"start":{"line":10,"column":2},"end":{"line":14,"column":3}},{"start":{"line":12,"column":9},"end":{"line":14,"column":3}}],"line":10},"1":{"loc":{"start":{"line":27,"column":19},"end":{"line":27,"column":50}},"type":"cond-expr","locations":[{"start":{"line":27,"column":26},"end":{"line":27,"column":38}},{"start":{"line":27,"column":41},"end":{"line":27,"column":50}}],"line":27},"2":{"loc":{"start":{"line":29,"column":19},"end":{"line":29,"column":44}},"type":"cond-expr","locations":[{"start":{"line":29,"column":26},"end":{"line":29,"column":32}},{"start":{"line":29,"column":35},"end":{"line":29,"column":44}}],"line":29},"3":{"loc":{"start":{"line":41,"column":5},"end":{"line":51,"column":5}},"type":"cond-expr","locations":[{"start":{"line":42,"column":5},"end":{"line":42,"column":46}},{"start":{"line":44,"column":5},"end":{"line":50,"column":7}}],"line":41}},"s":{"0":0,"1":0,"2":0,"3":0,"4":0,"5":0,"6":0,"7":0,"8":0,"9":0,"10":0,"11":0},"f":{"0":0,"1":0,"2":0,"3":0},"b":{"0":[0,0],"1":[0,0],"2":[0,0],"3":[0,0]}}
,"/home/avinL/Desktop/frontend/react-app/react-demo-app/src/Components/Organisms/Tabs/Index.tsx": {"path":"/home/avinL/Desktop/frontend/react-app/react-demo-app/src/Components/Organisms/Tabs/Index.tsx","statementMap":{"0":{"start":{"line":10,"column":18},"end":{"line":37,"column":2}},"1":{"start":{"line":41,"column":14},"end":{"line":160,"column":1}},"2":{"start":{"line":43,"column":20},"end":{"line":43,"column":31}},"3":{"start":{"line":45,"column":41},"end":{"line":45,"column":54}},"4":{"start":{"line":47,"column":36},"end":{"line":64,"column":8}},"5":{"start":{"line":66,"column":30},"end":{"line":66,"column":41}},"6":{"start":{"line":68,"column":25},"end":{"line":70,"column":5}},"7":{"start":{"line":69,"column":6},"end":{"line":69,"column":31}},"8":{"start":{"line":72,"column":24},"end":{"line":78,"column":7}},"9":{"start":{"line":73,"column":8},"end":{"line":77,"column":9}},"10":{"start":{"line":74,"column":10},"end":{"line":74,"column":30}},"11":{"start":{"line":76,"column":10},"end":{"line":76,"column":30}},"12":{"start":{"line":80,"column":6},"end":{"line":88,"column":18}},"13":{"start":{"line":81,"column":27},"end":{"line":86,"column":9}},"14":{"start":{"line":82,"column":22},"end":{"line":82,"column":59}},"15":{"start":{"line":83,"column":24},"end":{"line":83,"column":32}},"16":{"start":{"line":85,"column":10},"end":{"line":85,"column":29}},"17":{"start":{"line":87,"column":8},"end":{"line":87,"column":21}},"18":{"start":{"line":90,"column":4},"end":{"line":159,"column":5}},"19":{"start":{"line":114,"column":38},"end":{"line":114,"column":54}},"20":{"start":{"line":116,"column":24},"end":{"line":128,"column":20}},"21":{"start":{"line":138,"column":30},"end":{"line":138,"column":45}},"22":{"start":{"line":140,"column":14},"end":{"line":153,"column":16}}},"fnMap":{"0":{"name":"(anonymous_0)","decl":{"start":{"line":41,"column":14},"end":{"line":41,"column":15}},"loc":{"start":{"line":41,"column":20},"end":{"line":160,"column":1}},"line":41},"1":{"name":"(anonymous_1)","decl":{"start":{"line":68,"column":25},"end":{"line":68,"column":26}},"loc":{"start":{"line":68,"column":76},"end":{"line":70,"column":5}},"line":68},"2":{"name":"(anonymous_2)","decl":{"start":{"line":72,"column":24},"end":{"line":72,"column":25}},"loc":{"start":{"line":72,"column":30},"end":{"line":78,"column":7}},"line":72},"3":{"name":"(anonymous_3)","decl":{"start":{"line":80,"column":16},"end":{"line":80,"column":17}},"loc":{"start":{"line":80,"column":22},"end":{"line":88,"column":7}},"line":80},"4":{"name":"(anonymous_4)","decl":{"start":{"line":81,"column":27},"end":{"line":81,"column":28}},"loc":{"start":{"line":81,"column":39},"end":{"line":86,"column":9}},"line":81},"5":{"name":"(anonymous_5)","decl":{"start":{"line":114,"column":28},"end":{"line":114,"column":29}},"loc":{"start":{"line":114,"column":38},"end":{"line":114,"column":54}},"line":114},"6":{"name":"(anonymous_6)","decl":{"start":{"line":115,"column":25},"end":{"line":115,"column":26}},"loc":{"start":{"line":115,"column":40},"end":{"line":129,"column":21}},"line":115},"7":{"name":"(anonymous_7)","decl":{"start":{"line":138,"column":20},"end":{"line":138,"column":21}},"loc":{"start":{"line":138,"column":30},"end":{"line":138,"column":45}},"line":138},"8":{"name":"(anonymous_8)","decl":{"start":{"line":139,"column":17},"end":{"line":139,"column":18}},"loc":{"start":{"line":139,"column":33},"end":{"line":154,"column":13}},"line":139}},"branchMap":{"0":{"loc":{"start":{"line":73,"column":8},"end":{"line":77,"column":9}},"type":"if","locations":[{"start":{"line":73,"column":8},"end":{"line":77,"column":9}},{"start":{"line":75,"column":15},"end":{"line":77,"column":9}}],"line":73}},"s":{"0":0,"1":0,"2":0,"3":0,"4":0,"5":0,"6":0,"7":0,"8":0,"9":0,"10":0,"11":0,"12":0,"13":0,"14":0,"15":0,"16":0,"17":0,"18":0,"19":0,"20":0,"21":0,"22":0},"f":{"0":0,"1":0,"2":0,"3":0,"4":0,"5":0,"6":0,"7":0,"8":0},"b":{"0":[0,0]}}
,"/home/avinL/Desktop/frontend/react-app/react-demo-app/src/Components/Organisms/Tabs/index.stories.tsx": {"path":"/home/avinL/Desktop/frontend/react-app/react-demo-app/src/Components/Organisms/Tabs/index.stories.tsx","statementMap":{"0":{"start":{"line":10,"column":48},"end":{"line":10,"column":64}},"1":{"start":{"line":10,"column":54},"end":{"line":10,"column":64}},"2":{"start":{"line":12,"column":23},"end":{"line":12,"column":40}}},"fnMap":{"0":{"name":"(anonymous_0)","decl":{"start":{"line":10,"column":48},"end":{"line":10,"column":49}},"loc":{"start":{"line":10,"column":54},"end":{"line":10,"column":64}},"line":10}},"branchMap":{},"s":{"0":0,"1":0,"2":0},"f":{"0":0},"b":{}}
,"/home/avinL/Desktop/frontend/react-app/react-demo-app/src/Components/Templates/BookDetailView/Index.stories.tsx": {"path":"/home/avinL/Desktop/frontend/react-app/react-demo-app/src/Components/Templates/BookDetailView/Index.stories.tsx","statementMap":{"0":{"start":{"line":12,"column":56},"end":{"line":14,"column":1}},"1":{"start":{"line":13,"column":2},"end":{"line":13,"column":30}},"2":{"start":{"line":16,"column":31},"end":{"line":16,"column":48}},"3":{"start":{"line":17,"column":0},"end":{"line":23,"column":2}}},"fnMap":{"0":{"name":"(anonymous_0)","decl":{"start":{"line":12,"column":56},"end":{"line":12,"column":57}},"loc":{"start":{"line":13,"column":2},"end":{"line":13,"column":30}},"line":13}},"branchMap":{},"s":{"0":0,"1":0,"2":0,"3":0},"f":{"0":0},"b":{}}
,"/home/avinL/Desktop/frontend/react-app/react-demo-app/src/Components/Templates/BookDetailView/Index.tsx": {"path":"/home/avinL/Desktop/frontend/react-app/react-demo-app/src/Components/Templates/BookDetailView/Index.tsx","statementMap":{"0":{"start":{"line":11,"column":18},"end":{"line":24,"column":2}},"1":{"start":{"line":26,"column":23},"end":{"line":44,"column":1}},"2":{"start":{"line":28,"column":18},"end":{"line":28,"column":29}},"3":{"start":{"line":30,"column":2},"end":{"line":43,"column":4}}},"fnMap":{"0":{"name":"(anonymous_0)","decl":{"start":{"line":26,"column":23},"end":{"line":26,"column":24}},"loc":{"start":{"line":26,"column":41},"end":{"line":44,"column":1}},"line":26}},"branchMap":{},"s":{"0":0,"1":0,"2":0,"3":0},"f":{"0":0},"b":{}}
,"/home/avinL/Desktop/frontend/react-app/react-demo-app/src/Components/Templates/Entrepreneurship/Index.stories.tsx": {"path":"/home/avinL/Desktop/frontend/react-app/react-demo-app/src/Components/Templates/Entrepreneurship/Index.stories.tsx","statementMap":{"0":{"start":{"line":14,"column":58},"end":{"line":16,"column":1}},"1":{"start":{"line":15,"column":4},"end":{"line":15,"column":34}},"2":{"start":{"line":18,"column":37},"end":{"line":18,"column":54}},"3":{"start":{"line":19,"column":0},"end":{"line":24,"column":1}}},"fnMap":{"0":{"name":"(anonymous_0)","decl":{"start":{"line":14,"column":58},"end":{"line":14,"column":59}},"loc":{"start":{"line":15,"column":4},"end":{"line":15,"column":34}},"line":15}},"branchMap":{},"s":{"0":0,"1":0,"2":0,"3":0},"f":{"0":0},"b":{}}
,"/home/avinL/Desktop/frontend/react-app/react-demo-app/src/Components/Templates/Entrepreneurship/Index.tsx": {"path":"/home/avinL/Desktop/frontend/react-app/react-demo-app/src/Components/Templates/Entrepreneurship/Index.tsx","statementMap":{"0":{"start":{"line":16,"column":18},"end":{"line":67,"column":2}},"1":{"start":{"line":69,"column":25},"end":{"line":129,"column":1}},"2":{"start":{"line":70,"column":18},"end":{"line":70,"column":29}},"3":{"start":{"line":71,"column":36},"end":{"line":88,"column":4}},"4":{"start":{"line":92,"column":2},"end":{"line":128,"column":4}}},"fnMap":{"0":{"name":"(anonymous_0)","decl":{"start":{"line":69,"column":25},"end":{"line":69,"column":26}},"loc":{"start":{"line":69,"column":43},"end":{"line":129,"column":1}},"line":69}},"branchMap":{},"s":{"0":0,"1":0,"2":0,"3":0,"4":0},"f":{"0":0},"b":{}}
,"/home/avinL/Desktop/frontend/react-app/react-demo-app/src/Components/Templates/MyLibrary/Index.stories.tsx": {"path":"/home/avinL/Desktop/frontend/react-app/react-demo-app/src/Components/Templates/MyLibrary/Index.stories.tsx","statementMap":{"0":{"start":{"line":12,"column":52},"end":{"line":14,"column":1}},"1":{"start":{"line":13,"column":4},"end":{"line":13,"column":26}},"2":{"start":{"line":16,"column":31},"end":{"line":16,"column":48}},"3":{"start":{"line":17,"column":0},"end":{"line":20,"column":1}}},"fnMap":{"0":{"name":"(anonymous_0)","decl":{"start":{"line":12,"column":52},"end":{"line":12,"column":53}},"loc":{"start":{"line":13,"column":4},"end":{"line":13,"column":26}},"line":13}},"branchMap":{},"s":{"0":0,"1":0,"2":0,"3":0},"f":{"0":0},"b":{}}
,"/home/avinL/Desktop/frontend/react-app/react-demo-app/src/Components/Templates/MyLibrary/Index.tsx": {"path":"/home/avinL/Desktop/frontend/react-app/react-demo-app/src/Components/Templates/MyLibrary/Index.tsx","statementMap":{"0":{"start":{"line":12,"column":18},"end":{"line":56,"column":2}},"1":{"start":{"line":58,"column":18},"end":{"line":77,"column":1}},"2":{"start":{"line":59,"column":18},"end":{"line":59,"column":29}},"3":{"start":{"line":60,"column":2},"end":{"line":76,"column":4}}},"fnMap":{"0":{"name":"(anonymous_0)","decl":{"start":{"line":58,"column":18},"end":{"line":58,"column":19}},"loc":{"start":{"line":58,"column":36},"end":{"line":77,"column":1}},"line":58}},"branchMap":{},"s":{"0":0,"1":0,"2":0,"3":0},"f":{"0":0},"b":{}}
,"/home/avinL/Desktop/frontend/react-app/react-demo-app/src/Components/Theme/Theme.tsx": {"path":"/home/avinL/Desktop/frontend/react-app/react-demo-app/src/Components/Theme/Theme.tsx","statementMap":{"0":{"start":{"line":3,"column":14},"end":{"line":85,"column":2}}},"fnMap":{},"branchMap":{},"s":{"0":1},"f":{},"b":{},"_coverageSchema":"1a1c01bbd47fc00a2c39e90264f33305004495a9","hash":"daca74362e8cd0c6901c87de528132cf14e36456"}
,"/home/avinL/Desktop/frontend/react-app/react-demo-app/src/Pages/BookDetailView/Index.tsx": {"path":"/home/avinL/Desktop/frontend/react-app/react-demo-app/src/Pages/BookDetailView/Index.tsx","statementMap":{"0":{"start":{"line":7,"column":27},"end":{"line":15,"column":1}},"1":{"start":{"line":8,"column":4},"end":{"line":14,"column":5}}},"fnMap":{"0":{"name":"(anonymous_0)","decl":{"start":{"line":7,"column":27},"end":{"line":7,"column":28}},"loc":{"start":{"line":7,"column":33},"end":{"line":15,"column":1}},"line":7}},"branchMap":{},"s":{"0":0,"1":0},"f":{"0":0},"b":{}}
,"/home/avinL/Desktop/frontend/react-app/react-demo-app/src/Pages/Entrepreneurship/Index.stories.tsx": {"path":"/home/avinL/Desktop/frontend/react-app/react-demo-app/src/Pages/Entrepreneurship/Index.stories.tsx","statementMap":{"0":{"start":{"line":9,"column":52},"end":{"line":11,"column":1}},"1":{"start":{"line":10,"column":4},"end":{"line":10,"column":16}},"2":{"start":{"line":13,"column":36},"end":{"line":13,"column":53}}},"fnMap":{"0":{"name":"(anonymous_0)","decl":{"start":{"line":9,"column":52},"end":{"line":9,"column":53}},"loc":{"start":{"line":10,"column":4},"end":{"line":10,"column":16}},"line":10}},"branchMap":{},"s":{"0":0,"1":0,"2":0},"f":{"0":0},"b":{}}
,"/home/avinL/Desktop/frontend/react-app/react-demo-app/src/Pages/Entrepreneurship/Index.tsx": {"path":"/home/avinL/Desktop/frontend/react-app/react-demo-app/src/Pages/Entrepreneurship/Index.tsx","statementMap":{"0":{"start":{"line":9,"column":18},"end":{"line":20,"column":1}},"1":{"start":{"line":10,"column":2},"end":{"line":19,"column":4}}},"fnMap":{"0":{"name":"(anonymous_0)","decl":{"start":{"line":9,"column":18},"end":{"line":9,"column":19}},"loc":{"start":{"line":9,"column":24},"end":{"line":20,"column":1}},"line":9}},"branchMap":{},"s":{"0":0,"1":0},"f":{"0":0},"b":{}}
,"/home/avinL/Desktop/frontend/react-app/react-demo-app/src/Pages/Login/Index.tsx": {"path":"/home/avinL/Desktop/frontend/react-app/react-demo-app/src/Pages/Login/Index.tsx","statementMap":{"0":{"start":{"line":8,"column":18},"end":{"line":30,"column":2}},"1":{"start":{"line":32,"column":18},"end":{"line":80,"column":1}},"2":{"start":{"line":33,"column":17},"end":{"line":33,"column":28}},"3":{"start":{"line":34,"column":31},"end":{"line":34,"column":41}},"4":{"start":{"line":36,"column":1},"end":{"line":79,"column":3}},"5":{"start":{"line":63,"column":19},"end":{"line":63,"column":63}},"6":{"start":{"line":73,"column":19},"end":{"line":73,"column":38}}},"fnMap":{"0":{"name":"(anonymous_0)","decl":{"start":{"line":32,"column":18},"end":{"line":32,"column":19}},"loc":{"start":{"line":32,"column":24},"end":{"line":80,"column":1}},"line":32},"1":{"name":"(anonymous_1)","decl":{"start":{"line":63,"column":13},"end":{"line":63,"column":14}},"loc":{"start":{"line":63,"column":19},"end":{"line":63,"column":63}},"line":63},"2":{"name":"(anonymous_2)","decl":{"start":{"line":73,"column":13},"end":{"line":73,"column":14}},"loc":{"start":{"line":73,"column":19},"end":{"line":73,"column":38}},"line":73}},"branchMap":{},"s":{"0":0,"1":0,"2":0,"3":0,"4":0,"5":0,"6":0},"f":{"0":0,"1":0,"2":0},"b":{}}
,"/home/avinL/Desktop/frontend/react-app/react-demo-app/src/Pages/MyLibrary/Index.stories.tsx": {"path":"/home/avinL/Desktop/frontend/react-app/react-demo-app/src/Pages/MyLibrary/Index.stories.tsx","statementMap":{"0":{"start":{"line":10,"column":53},"end":{"line":12,"column":1}},"1":{"start":{"line":11,"column":4},"end":{"line":11,"column":17}},"2":{"start":{"line":14,"column":24},"end":{"line":14,"column":41}}},"fnMap":{"0":{"name":"(anonymous_0)","decl":{"start":{"line":10,"column":53},"end":{"line":10,"column":54}},"loc":{"start":{"line":11,"column":4},"end":{"line":11,"column":17}},"line":11}},"branchMap":{},"s":{"0":0,"1":0,"2":0},"f":{"0":0},"b":{}}
,"/home/avinL/Desktop/frontend/react-app/react-demo-app/src/Pages/MyLibrary/Index.tsx": {"path":"/home/avinL/Desktop/frontend/react-app/react-demo-app/src/Pages/MyLibrary/Index.tsx","statementMap":{"0":{"start":{"line":6,"column":19},"end":{"line":15,"column":1}},"1":{"start":{"line":7,"column":4},"end":{"line":14,"column":5}}},"fnMap":{"0":{"name":"(anonymous_0)","decl":{"start":{"line":6,"column":19},"end":{"line":6,"column":20}},"loc":{"start":{"line":6,"column":25},"end":{"line":15,"column":1}},"line":6}},"branchMap":{},"s":{"0":0,"1":0},"f":{"0":0},"b":{}}
}
