TN:
SF:src/App.tsx
FN:10,App
FNF:1
FNH:0
FNDA:0,App
DA:11,0
DA:12,0
DA:13,0
DA:15,0
DA:16,0
DA:27,0
LF:6
LH:0
BRDA:12,0,0,0
BRDA:12,0,1,0
BRDA:15,1,0,0
BRDA:15,1,1,0
BRF:4
BRH:0
end_of_record
TN:
SF:src/Icons.tsx
FNF:0
FNH:0
DA:4,4
DA:9,4
DA:17,4
DA:22,4
DA:27,4
DA:32,4
DA:37,4
DA:42,4
DA:47,4
DA:52,4
DA:60,4
DA:65,4
DA:70,4
DA:78,4
DA:85,4
DA:93,4
DA:100,4
DA:108,4
DA:115,4
DA:123,4
DA:130,4
DA:138,4
DA:145,4
DA:153,4
DA:161,4
DA:169,4
DA:176,4
DA:184,4
DA:191,4
DA:199,4
LF:30
LH:30
BRF:0
BRH:0
end_of_record
TN:
SF:src/index.tsx
FNF:0
FNH:0
DA:8,0
DA:11,0
DA:24,0
LF:3
LH:0
BRF:0
BRH:0
end_of_record
TN:
SF:src/reportWebVitals.ts
FN:3,(anonymous_0)
FN:5,(anonymous_1)
FNF:2
FNH:0
FNDA:0,(anonymous_0)
FNDA:0,(anonymous_1)
DA:3,0
DA:4,0
DA:5,0
DA:6,0
DA:7,0
DA:8,0
DA:9,0
DA:10,0
LF:8
LH:0
BRDA:4,0,0,0
BRDA:4,0,1,0
BRDA:4,1,0,0
BRDA:4,1,1,0
BRF:4
BRH:0
end_of_record
TN:
SF:src/Components/Atoms/Icons/Icons.stories.tsx
FN:11,(anonymous_0)
FNF:1
FNH:0
FNDA:0,(anonymous_0)
DA:11,0
DA:12,0
DA:15,0
DA:16,0
DA:20,0
DA:21,0
DA:25,0
DA:26,0
LF:8
LH:0
BRF:0
BRH:0
end_of_record
TN:
SF:src/Components/Atoms/Icons/Icons.tsx
FN:12,(anonymous_0)
FNF:1
FNH:1
FNDA:5,(anonymous_0)
DA:12,2
DA:13,5
LF:2
LH:2
BRF:0
BRH:0
end_of_record
TN:
SF:src/Components/Atoms/Logo/Index.stories.tsx
FN:11,(anonymous_0)
FNF:1
FNH:0
FNDA:0,(anonymous_0)
DA:11,0
DA:12,0
DA:16,0
LF:3
LH:0
BRF:0
BRH:0
end_of_record
TN:
SF:src/Components/Atoms/Logo/Index.tsx
FN:11,(anonymous_0)
FNF:1
FNH:1
FNDA:1,(anonymous_0)
DA:11,1
DA:12,1
LF:2
LH:2
BRF:0
BRH:0
end_of_record
TN:
SF:src/Components/Data/BooksData.tsx
FNF:0
FNH:0
DA:14,0
LF:1
LH:0
BRF:0
BRH:0
end_of_record
TN:
SF:src/Components/Data/NavData.tsx
FNF:0
FNH:0
DA:20,0
LF:1
LH:0
BRF:0
BRH:0
end_of_record
TN:
SF:src/Components/Data/Url.tsx
FNF:0
FNH:0
DA:1,0
LF:1
LH:0
BRF:0
BRH:0
end_of_record
TN:
SF:src/Components/Molecules/Banner/index.stories.tsx
FN:10,(anonymous_0)
FNF:1
FNH:0
FNDA:0,(anonymous_0)
DA:10,0
DA:11,0
DA:14,0
LF:3
LH:0
BRF:0
BRH:0
end_of_record
TN:
SF:src/Components/Molecules/Banner/index.tsx
FN:91,(anonymous_0)
FNF:1
FNH:1
FNDA:1,(anonymous_0)
DA:17,1
DA:41,1
DA:58,1
DA:67,1
DA:77,1
DA:82,1
DA:87,1
DA:91,1
DA:92,1
DA:93,1
LF:10
LH:10
BRF:0
BRH:0
end_of_record
TN:
SF:src/Components/Molecules/Button/Button.stories.tsx
FN:14,(anonymous_0)
FNF:1
FNH:0
FNDA:0,(anonymous_0)
DA:6,0
DA:14,0
DA:15,0
DA:17,0
DA:23,0
DA:25,0
DA:30,0
DA:32,0
DA:37,0
DA:39,0
DA:45,0
DA:47,0
LF:12
LH:0
BRF:0
BRH:0
end_of_record
TN:
SF:src/Components/Molecules/Button/Button.tsx
FN:59,(anonymous_0)
FNF:1
FNH:1
FNDA:2,(anonymous_0)
DA:11,1
DA:59,1
DA:61,2
DA:62,2
LF:4
LH:4
BRF:0
BRH:0
end_of_record
TN:
SF:src/Components/Molecules/DropDown/Index.stories.tsx
FN:9,(anonymous_0)
FNF:1
FNH:0
FNDA:0,(anonymous_0)
DA:9,0
DA:10,0
DA:13,0
DA:14,0
DA:18,0
DA:19,0
LF:6
LH:0
BRF:0
BRH:0
end_of_record
TN:
SF:src/Components/Molecules/DropDown/Index.tsx
FN:39,(anonymous_0)
FNF:1
FNH:1
FNDA:2,(anonymous_0)
DA:15,1
DA:39,1
DA:40,2
DA:41,2
LF:4
LH:4
BRDA:45,0,0,1
BRDA:45,0,1,1
BRF:2
BRH:2
end_of_record
TN:
SF:src/Components/Molecules/IconButtons/Index.stories.tsx
FN:12,(anonymous_0)
FNF:1
FNH:0
FNDA:0,(anonymous_0)
DA:12,0
DA:13,0
DA:16,0
DA:18,0
DA:25,0
DA:27,0
LF:6
LH:0
BRF:0
BRH:0
end_of_record
TN:
SF:src/Components/Molecules/IconButtons/Index.tsx
FN:47,(anonymous_0)
FNF:1
FNH:1
FNDA:2,(anonymous_0)
DA:34,2
DA:47,2
DA:48,2
DA:49,2
LF:4
LH:4
BRF:0
BRH:0
end_of_record
TN:
SF:src/Components/Molecules/Lists/Index.stories.tsx
FN:10,(anonymous_0)
FNF:1
FNH:0
FNDA:0,(anonymous_0)
DA:10,0
DA:12,0
DA:14,0
LF:3
LH:0
BRF:0
BRH:0
end_of_record
TN:
SF:src/Components/Molecules/Lists/Index.tsx
FN:52,(anonymous_0)
FNF:1
FNH:0
FNDA:0,(anonymous_0)
DA:5,0
DA:25,0
DA:52,0
DA:53,0
DA:54,0
LF:5
LH:0
BRF:0
BRH:0
end_of_record
TN:
SF:src/Components/Molecules/Reads/Index.stories.tsx
FN:11,(anonymous_0)
FNF:1
FNH:0
FNDA:0,(anonymous_0)
DA:11,0
DA:12,0
DA:15,0
DA:16,0
DA:24,0
DA:26,0
LF:6
LH:0
BRF:0
BRH:0
end_of_record
TN:
SF:src/Components/Molecules/Reads/Index.tsx
FN:28,(anonymous_0)
FNF:1
FNH:0
FNDA:0,(anonymous_0)
DA:14,0
DA:28,0
DA:29,0
DA:30,0
LF:4
LH:0
BRF:0
BRH:0
end_of_record
TN:
SF:src/Components/Molecules/SearchBar/Index.stories.tsx
FN:10,(anonymous_0)
FNF:1
FNH:0
FNDA:0,(anonymous_0)
DA:10,0
DA:12,0
LF:2
LH:0
BRF:0
BRH:0
end_of_record
TN:
SF:src/Components/Molecules/SearchBar/Index.tsx
FN:18,(anonymous_0)
FN:41,(anonymous_1)
FN:55,(anonymous_2)
FN:74,(anonymous_3)
FNF:4
FNH:0
FNDA:0,(anonymous_0)
FNDA:0,(anonymous_1)
FNDA:0,(anonymous_2)
FNDA:0,(anonymous_3)
DA:7,0
DA:18,0
DA:20,0
DA:21,0
DA:22,0
DA:41,0
DA:42,0
DA:43,0
DA:44,0
DA:46,0
DA:49,0
DA:50,0
DA:51,0
DA:55,0
DA:56,0
DA:57,0
DA:58,0
DA:59,0
DA:60,0
DA:61,0
DA:62,0
DA:65,0
DA:68,0
DA:74,0
LF:24
LH:0
BRDA:43,0,0,0
BRDA:43,0,1,0
BRDA:61,1,0,0
BRDA:61,1,1,0
BRF:4
BRH:0
end_of_record
TN:
SF:src/Components/Organisms/BookDetails/Index.stories.tsx
FN:11,(anonymous_0)
FNF:1
FNH:0
FNDA:0,(anonymous_0)
DA:11,0
DA:12,0
DA:15,0
DA:17,0
DA:32,0
LF:5
LH:0
BRF:0
BRH:0
end_of_record
TN:
SF:src/Components/Organisms/BookDetails/Index.tsx
FN:93,(anonymous_0)
FN:114,(anonymous_1)
FN:115,(anonymous_2)
FNF:3
FNH:0
FNDA:0,(anonymous_0)
FNDA:0,(anonymous_1)
FNDA:0,(anonymous_2)
DA:12,0
DA:32,0
DA:73,0
DA:80,0
DA:85,0
DA:93,0
DA:95,0
DA:97,0
DA:114,0
DA:115,0
DA:116,0
DA:117,0
DA:118,0
DA:121,0
DA:124,0
DA:128,0
LF:16
LH:0
BRF:0
BRH:0
end_of_record
TN:
SF:src/Components/Organisms/BookDetailsTab/Index.stories.tsx
FN:10,(anonymous_0)
FNF:1
FNH:0
FNDA:0,(anonymous_0)
DA:10,0
DA:11,0
DA:14,0
DA:15,0
LF:4
LH:0
BRF:0
BRH:0
end_of_record
TN:
SF:src/Components/Organisms/BookDetailsTab/Index.tsx
FN:62,TabPanel
FN:82,a11yProps
FN:89,(anonymous_2)
FN:93,(anonymous_3)
FNF:4
FNH:0
FNDA:0,TabPanel
FNDA:0,a11yProps
FNDA:0,(anonymous_2)
FNDA:0,(anonymous_3)
DA:22,0
DA:48,0
DA:63,0
DA:65,0
DA:83,0
DA:89,0
DA:90,0
DA:91,0
DA:93,0
DA:94,0
DA:97,0
LF:11
LH:0
BRDA:73,0,0,0
BRDA:73,0,1,0
BRF:2
BRH:0
end_of_record
TN:
SF:src/Components/Organisms/ButtonGroup/Index.stories.tsx
FN:10,(anonymous_0)
FNF:1
FNH:0
FNDA:0,(anonymous_0)
DA:10,0
DA:11,0
DA:14,0
LF:3
LH:0
BRF:0
BRH:0
end_of_record
TN:
SF:src/Components/Organisms/ButtonGroup/Index.tsx
FN:60,(anonymous_0)
FN:80,(anonymous_1)
FN:94,(anonymous_2)
FN:103,(anonymous_3)
FN:104,(anonymous_4)
FN:109,(anonymous_5)
FN:120,(anonymous_6)
FN:127,(anonymous_7)
FNF:8
FNH:0
FNDA:0,(anonymous_0)
FNDA:0,(anonymous_1)
FNDA:0,(anonymous_2)
FNDA:0,(anonymous_3)
FNDA:0,(anonymous_4)
FNDA:0,(anonymous_5)
FNDA:0,(anonymous_6)
FNDA:0,(anonymous_7)
DA:10,0
DA:60,0
DA:61,0
DA:78,0
DA:80,0
DA:81,0
DA:82,0
DA:85,0
DA:88,0
DA:90,0
DA:91,0
DA:94,0
DA:95,0
DA:96,0
DA:97,0
DA:99,0
DA:100,0
DA:103,0
DA:104,0
DA:105,0
DA:106,0
DA:107,0
DA:109,0
DA:110,0
DA:114,0
DA:115,0
DA:120,0
DA:127,0
LF:28
LH:0
BRDA:81,0,0,0
BRDA:81,0,1,0
BRDA:95,1,0,0
BRDA:95,1,1,0
BRF:4
BRH:0
end_of_record
TN:
SF:src/Components/Organisms/CardGroup/Index.stories.tsx
FN:13,(anonymous_0)
FNF:1
FNH:0
FNDA:0,(anonymous_0)
DA:13,0
DA:14,0
DA:17,0
DA:19,0
LF:4
LH:0
BRF:0
BRH:0
end_of_record
TN:
SF:src/Components/Organisms/CardGroup/Index.tsx
FN:42,(anonymous_0)
FN:48,(anonymous_1)
FN:52,(anonymous_2)
FN:57,(anonymous_3)
FN:61,(anonymous_4)
FN:71,(anonymous_5)
FN:82,(anonymous_6)
FNF:7
FNH:0
FNDA:0,(anonymous_0)
FNDA:0,(anonymous_1)
FNDA:0,(anonymous_2)
FNDA:0,(anonymous_3)
FNDA:0,(anonymous_4)
FNDA:0,(anonymous_5)
FNDA:0,(anonymous_6)
DA:30,0
DA:42,0
DA:44,0
DA:46,0
DA:48,0
DA:50,0
DA:51,0
DA:52,0
DA:55,0
DA:56,0
DA:57,0
DA:60,0
DA:61,0
DA:65,0
DA:69,0
DA:72,0
DA:82,0
LF:17
LH:0
BRDA:50,0,0,0
BRDA:50,0,1,0
BRDA:55,1,0,0
BRDA:55,1,1,0
BRF:4
BRH:0
end_of_record
TN:
SF:src/Components/Organisms/Cards/Index.stories.tsx
FN:11,(anonymous_0)
FNF:1
FNH:0
FNDA:0,(anonymous_0)
DA:11,0
DA:13,0
DA:14,0
DA:23,0
DA:24,0
DA:34,0
DA:35,0
LF:7
LH:0
BRF:0
BRH:0
end_of_record
TN:
SF:src/Components/Organisms/Cards/Index.tsx
FN:104,(anonymous_0)
FN:124,(anonymous_1)
FN:127,(anonymous_2)
FN:139,(anonymous_3)
FN:154,(anonymous_4)
FN:161,(anonymous_5)
FN:182,(anonymous_6)
FN:206,(anonymous_7)
FN:217,(anonymous_8)
FN:230,(anonymous_9)
FNF:10
FNH:0
FNDA:0,(anonymous_0)
FNDA:0,(anonymous_1)
FNDA:0,(anonymous_2)
FNDA:0,(anonymous_3)
FNDA:0,(anonymous_4)
FNDA:0,(anonymous_5)
FNDA:0,(anonymous_6)
FNDA:0,(anonymous_7)
FNDA:0,(anonymous_8)
FNDA:0,(anonymous_9)
DA:28,0
DA:104,0
DA:105,0
DA:122,0
DA:123,0
DA:124,0
DA:127,0
DA:128,0
DA:129,0
DA:130,0
DA:131,0
DA:136,0
DA:139,0
DA:140,0
DA:141,0
DA:143,0
DA:145,0
DA:146,0
DA:148,0
DA:150,0
DA:151,0
DA:154,0
DA:155,0
DA:156,0
DA:157,0
DA:158,0
DA:161,0
DA:162,0
DA:163,0
DA:164,0
DA:165,0
DA:167,0
DA:169,0
DA:170,0
DA:171,0
DA:174,0
DA:177,0
DA:182,0
DA:206,0
DA:217,0
DA:230,0
LF:41
LH:0
BRDA:128,0,0,0
BRDA:128,0,1,0
BRDA:128,1,0,0
BRDA:128,1,1,0
BRDA:140,2,0,0
BRDA:140,2,1,0
BRDA:145,3,0,0
BRDA:145,3,1,0
BRDA:150,4,0,0
BRDA:150,4,1,0
BRDA:156,5,0,0
BRDA:156,5,1,0
BRDA:164,6,0,0
BRDA:164,6,1,0
BRDA:169,7,0,0
BRDA:169,7,1,0
BRDA:194,8,0,0
BRDA:194,8,1,0
BRDA:205,9,0,0
BRDA:205,9,1,0
BRDA:216,10,0,0
BRDA:216,10,1,0
BRDA:227,11,0,0
BRDA:227,11,1,0
BRF:24
BRH:0
end_of_record
TN:
SF:src/Components/Organisms/ExpandedNav/Index.stories.tsx
FN:10,(anonymous_0)
FNF:1
FNH:0
FNDA:0,(anonymous_0)
DA:10,0
DA:11,0
DA:14,0
LF:3
LH:0
BRF:0
BRH:0
end_of_record
TN:
SF:src/Components/Organisms/ExpandedNav/Index.tsx
FN:90,(anonymous_0)
FN:96,(anonymous_1)
FN:118,(anonymous_2)
FN:135,(anonymous_3)
FN:149,(anonymous_4)
FNF:5
FNH:0
FNDA:0,(anonymous_0)
FNDA:0,(anonymous_1)
FNDA:0,(anonymous_2)
FNDA:0,(anonymous_3)
FNDA:0,(anonymous_4)
DA:7,0
DA:69,0
DA:90,0
DA:92,0
DA:94,0
DA:96,0
DA:97,0
DA:101,0
DA:119,0
DA:136,0
DA:150,0
LF:11
LH:0
BRF:0
BRH:0
end_of_record
TN:
SF:src/Components/Organisms/Footer/Index.stories.tsx
FN:11,(anonymous_0)
FNF:1
FNH:0
FNDA:0,(anonymous_0)
DA:11,0
DA:12,0
DA:15,0
LF:3
LH:0
BRF:0
BRH:0
end_of_record
TN:
SF:src/Components/Organisms/Footer/Index.tsx
FN:95,(anonymous_0)
FNF:1
FNH:0
FNDA:0,(anonymous_0)
DA:8,0
DA:29,0
DA:45,0
DA:60,0
DA:70,0
DA:75,0
DA:81,0
DA:87,0
DA:95,0
DA:97,0
DA:98,0
LF:11
LH:0
BRF:0
BRH:0
end_of_record
TN:
SF:src/Components/Organisms/Header/Index.stories.tsx
FN:9,(anonymous_0)
FNF:1
FNH:0
FNDA:0,(anonymous_0)
DA:9,0
DA:10,0
DA:13,0
LF:3
LH:0
BRF:0
BRH:0
end_of_record
TN:
SF:src/Components/Organisms/Header/Index.tsx
FN:98,(anonymous_0)
FN:104,(anonymous_1)
FN:114,(anonymous_2)
FNF:3
FNH:0
FNDA:0,(anonymous_0)
FNDA:0,(anonymous_1)
FNDA:0,(anonymous_2)
DA:16,0
DA:32,0
DA:92,0
DA:98,0
DA:100,0
DA:101,0
DA:102,0
DA:104,0
DA:105,0
DA:107,0
DA:108,0
DA:110,0
DA:114,0
DA:115,0
DA:118,0
LF:15
LH:0
BRDA:105,0,0,0
BRDA:105,0,1,0
BRDA:107,1,0,0
BRDA:107,1,1,0
BRDA:140,2,0,0
BRDA:140,2,1,0
BRF:6
BRH:0
end_of_record
TN:
SF:src/Components/Organisms/LogOutButton/Index.tsx
FN:6,(anonymous_0)
FN:9,(anonymous_1)
FN:16,(anonymous_2)
FN:86,(anonymous_3)
FNF:4
FNH:0
FNDA:0,(anonymous_0)
FNDA:0,(anonymous_1)
FNDA:0,(anonymous_2)
FNDA:0,(anonymous_3)
DA:6,0
DA:7,0
DA:8,0
DA:9,0
DA:10,0
DA:11,0
DA:13,0
DA:16,0
DA:17,0
DA:20,0
DA:22,0
DA:86,0
LF:12
LH:0
BRDA:10,0,0,0
BRDA:10,0,1,0
BRDA:27,1,0,0
BRDA:27,1,1,0
BRDA:29,2,0,0
BRDA:29,2,1,0
BRDA:41,3,0,0
BRDA:41,3,1,0
BRF:8
BRH:0
end_of_record
TN:
SF:src/Components/Organisms/Tabs/Index.tsx
FN:41,(anonymous_0)
FN:68,(anonymous_1)
FN:72,(anonymous_2)
FN:80,(anonymous_3)
FN:81,(anonymous_4)
FN:114,(anonymous_5)
FN:115,(anonymous_6)
FN:138,(anonymous_7)
FN:139,(anonymous_8)
FNF:9
FNH:0
FNDA:0,(anonymous_0)
FNDA:0,(anonymous_1)
FNDA:0,(anonymous_2)
FNDA:0,(anonymous_3)
FNDA:0,(anonymous_4)
FNDA:0,(anonymous_5)
FNDA:0,(anonymous_6)
FNDA:0,(anonymous_7)
FNDA:0,(anonymous_8)
DA:10,0
DA:41,0
DA:43,0
DA:45,0
DA:47,0
DA:66,0
DA:68,0
DA:69,0
DA:72,0
DA:73,0
DA:74,0
DA:76,0
DA:80,0
DA:81,0
DA:82,0
DA:83,0
DA:85,0
DA:87,0
DA:90,0
DA:114,0
DA:116,0
DA:138,0
DA:140,0
LF:23
LH:0
BRDA:73,0,0,0
BRDA:73,0,1,0
BRF:2
BRH:0
end_of_record
TN:
SF:src/Components/Organisms/Tabs/index.stories.tsx
FN:10,(anonymous_0)
FNF:1
FNH:0
FNDA:0,(anonymous_0)
DA:10,0
DA:12,0
LF:2
LH:0
BRF:0
BRH:0
end_of_record
TN:
SF:src/Components/Templates/BookDetailView/Index.stories.tsx
FN:12,(anonymous_0)
FNF:1
FNH:0
FNDA:0,(anonymous_0)
DA:12,0
DA:13,0
DA:16,0
DA:17,0
LF:4
LH:0
BRF:0
BRH:0
end_of_record
TN:
SF:src/Components/Templates/BookDetailView/Index.tsx
FN:26,(anonymous_0)
FNF:1
FNH:0
FNDA:0,(anonymous_0)
DA:11,0
DA:26,0
DA:28,0
DA:30,0
LF:4
LH:0
BRF:0
BRH:0
end_of_record
TN:
SF:src/Components/Templates/Entrepreneurship/Index.stories.tsx
FN:14,(anonymous_0)
FNF:1
FNH:0
FNDA:0,(anonymous_0)
DA:14,0
DA:15,0
DA:18,0
DA:19,0
LF:4
LH:0
BRF:0
BRH:0
end_of_record
TN:
SF:src/Components/Templates/Entrepreneurship/Index.tsx
FN:69,(anonymous_0)
FNF:1
FNH:0
FNDA:0,(anonymous_0)
DA:16,0
DA:69,0
DA:70,0
DA:71,0
DA:92,0
LF:5
LH:0
BRF:0
BRH:0
end_of_record
TN:
SF:src/Components/Templates/MyLibrary/Index.stories.tsx
FN:12,(anonymous_0)
FNF:1
FNH:0
FNDA:0,(anonymous_0)
DA:12,0
DA:13,0
DA:16,0
DA:17,0
LF:4
LH:0
BRF:0
BRH:0
end_of_record
TN:
SF:src/Components/Templates/MyLibrary/Index.tsx
FN:58,(anonymous_0)
FNF:1
FNH:0
FNDA:0,(anonymous_0)
DA:12,0
DA:58,0
DA:59,0
DA:60,0
LF:4
LH:0
BRF:0
BRH:0
end_of_record
TN:
SF:src/Components/Theme/Theme.tsx
FNF:0
FNH:0
DA:3,1
LF:1
LH:1
BRF:0
BRH:0
end_of_record
TN:
SF:src/Pages/BookDetailView/Index.tsx
FN:7,(anonymous_0)
FNF:1
FNH:0
FNDA:0,(anonymous_0)
DA:7,0
DA:8,0
LF:2
LH:0
BRF:0
BRH:0
end_of_record
TN:
SF:src/Pages/Entrepreneurship/Index.stories.tsx
FN:9,(anonymous_0)
FNF:1
FNH:0
FNDA:0,(anonymous_0)
DA:9,0
DA:10,0
DA:13,0
LF:3
LH:0
BRF:0
BRH:0
end_of_record
TN:
SF:src/Pages/Entrepreneurship/Index.tsx
FN:9,(anonymous_0)
FNF:1
FNH:0
FNDA:0,(anonymous_0)
DA:9,0
DA:10,0
LF:2
LH:0
BRF:0
BRH:0
end_of_record
TN:
SF:src/Pages/Login/Index.tsx
FN:32,(anonymous_0)
FN:63,(anonymous_1)
FN:73,(anonymous_2)
FNF:3
FNH:0
FNDA:0,(anonymous_0)
FNDA:0,(anonymous_1)
FNDA:0,(anonymous_2)
DA:8,0
DA:32,0
DA:33,0
DA:34,0
DA:36,0
DA:63,0
DA:73,0
LF:7
LH:0
BRF:0
BRH:0
end_of_record
TN:
SF:src/Pages/MyLibrary/Index.stories.tsx
FN:10,(anonymous_0)
FNF:1
FNH:0
FNDA:0,(anonymous_0)
DA:10,0
DA:11,0
DA:14,0
LF:3
LH:0
BRF:0
BRH:0
end_of_record
TN:
SF:src/Pages/MyLibrary/Index.tsx
FN:6,(anonymous_0)
FNF:1
FNH:0
FNDA:0,(anonymous_0)
DA:6,0
DA:7,0
LF:2
LH:0
BRF:0
BRH:0
end_of_record
